Feb 16, 2012 10:02:08 PM org.apache.catalina.core.AprLifecycleListener init
INFO: The APR based Apache Tomcat Native library which allows optimal performance in production environments was not found on the java.library.path: .:/Library/Java/Extensions:/System/Library/Java/Extensions:/usr/lib/java
Feb 16, 2012 10:02:08 PM org.apache.coyote.http11.Http11Protocol init
INFO: Initializing Coyote HTTP/1.1 on http-8080
Feb 16, 2012 10:02:08 PM org.apache.catalina.startup.Catalina load
INFO: Initialization processed in 649 ms
Feb 16, 2012 10:02:08 PM org.apache.catalina.core.StandardService start
INFO: Starting service Catalina
Feb 16, 2012 10:02:08 PM org.apache.catalina.core.StandardEngine start
INFO: Starting Servlet Engine: Apache Tomcat/6.0.29
Feb 16, 2012 10:02:08 PM org.apache.catalina.core.StandardContext resourcesStart
SEVERE: Error starting static Resources
java.lang.IllegalArgumentException: Document base /Users/NATHAN/frameworks/apache-tomcat-6.0.29/webapps/User/natechen/Programming does not exist or is not a readable directory
	at org.apache.naming.resources.FileDirContext.setDocBase(FileDirContext.java:142)
	at org.apache.catalina.core.StandardContext.resourcesStart(StandardContext.java:4249)
	at org.apache.catalina.core.StandardContext.start(StandardContext.java:4418)
	at org.apache.catalina.core.ContainerBase.start(ContainerBase.java:1045)
	at org.apache.catalina.core.StandardHost.start(StandardHost.java:785)
	at org.apache.catalina.core.ContainerBase.start(ContainerBase.java:1045)
	at org.apache.catalina.core.StandardEngine.start(StandardEngine.java:445)
	at org.apache.catalina.core.StandardService.start(StandardService.java:519)
	at org.apache.catalina.core.StandardServer.start(StandardServer.java:710)
	at org.apache.catalina.startup.Catalina.start(Catalina.java:581)
	at sun.reflect.NativeMethodAccessorImpl.invoke0(Native Method)
	at sun.reflect.NativeMethodAccessorImpl.invoke(NativeMethodAccessorImpl.java:39)
	at sun.reflect.DelegatingMethodAccessorImpl.invoke(DelegatingMethodAccessorImpl.java:25)
	at java.lang.reflect.Method.invoke(Method.java:597)
	at org.apache.catalina.startup.Bootstrap.start(Bootstrap.java:289)
	at org.apache.catalina.startup.Bootstrap.main(Bootstrap.java:414)
Feb 16, 2012 10:02:08 PM org.apache.catalina.core.StandardContext start
SEVERE: Error in resourceStart()
Feb 16, 2012 10:02:08 PM org.apache.catalina.core.StandardContext start
SEVERE: Error getConfigured
Feb 16, 2012 10:02:08 PM org.apache.catalina.core.StandardContext start
SEVERE: Context [/index] startup failed due to previous errors
Feb 16, 2012 10:02:08 PM org.apache.catalina.core.StandardContext stop
INFO: Container org.apache.catalina.core.ContainerBase.[Catalina].[localhost].[/index] has not been started
Feb 16, 2012 10:02:08 PM org.apache.catalina.startup.HostConfig deployDescriptor
INFO: Deploying configuration descriptor host-manager.xml
Feb 16, 2012 10:02:09 PM org.apache.catalina.startup.HostConfig deployDescriptor
INFO: Deploying configuration descriptor lucene-3.0.3.xml
Feb 16, 2012 10:02:09 PM org.apache.catalina.core.StandardContext resourcesStart
SEVERE: Error starting static Resources
java.lang.IllegalArgumentException: Document base /Users/natechen/NetBeansProjects/lucene-3.0.3/build/web does not exist or is not a readable directory
	at org.apache.naming.resources.FileDirContext.setDocBase(FileDirContext.java:142)
	at org.apache.catalina.core.StandardContext.resourcesStart(StandardContext.java:4249)
	at org.apache.catalina.core.StandardContext.start(StandardContext.java:4418)
	at org.apache.catalina.core.ContainerBase.addChildInternal(ContainerBase.java:791)
	at org.apache.catalina.core.ContainerBase.addChild(ContainerBase.java:771)
	at org.apache.catalina.core.StandardHost.addChild(StandardHost.java:546)
	at org.apache.catalina.startup.HostConfig.deployDescriptor(HostConfig.java:637)
	at org.apache.catalina.startup.HostConfig.deployDescriptors(HostConfig.java:563)
	at org.apache.catalina.startup.HostConfig.deployApps(HostConfig.java:498)
	at org.apache.catalina.startup.HostConfig.start(HostConfig.java:1277)
	at org.apache.catalina.startup.HostConfig.lifecycleEvent(HostConfig.java:321)
	at org.apache.catalina.util.LifecycleSupport.fireLifecycleEvent(LifecycleSupport.java:119)
	at org.apache.catalina.core.ContainerBase.start(ContainerBase.java:1053)
	at org.apache.catalina.core.StandardHost.start(StandardHost.java:785)
	at org.apache.catalina.core.ContainerBase.start(ContainerBase.java:1045)
	at org.apache.catalina.core.StandardEngine.start(StandardEngine.java:445)
	at org.apache.catalina.core.StandardService.start(StandardService.java:519)
	at org.apache.catalina.core.StandardServer.start(StandardServer.java:710)
	at org.apache.catalina.startup.Catalina.start(Catalina.java:581)
	at sun.reflect.NativeMethodAccessorImpl.invoke0(Native Method)
	at sun.reflect.NativeMethodAccessorImpl.invoke(NativeMethodAccessorImpl.java:39)
	at sun.reflect.DelegatingMethodAccessorImpl.invoke(DelegatingMethodAccessorImpl.java:25)
	at java.lang.reflect.Method.invoke(Method.java:597)
	at org.apache.catalina.startup.Bootstrap.start(Bootstrap.java:289)
	at org.apache.catalina.startup.Bootstrap.main(Bootstrap.java:414)
Feb 16, 2012 10:02:09 PM org.apache.catalina.core.StandardContext start
SEVERE: Error in resourceStart()
Feb 16, 2012 10:02:09 PM org.apache.catalina.core.StandardContext start
SEVERE: Error getConfigured
Feb 16, 2012 10:02:09 PM org.apache.catalina.core.StandardContext start
SEVERE: Context [/lucene-3.0.3] startup failed due to previous errors
Feb 16, 2012 10:02:09 PM org.apache.catalina.core.StandardContext stop
INFO: Container org.apache.catalina.core.ContainerBase.[Catalina].[localhost].[/lucene-3.0.3] has not been started
Feb 16, 2012 10:02:09 PM org.apache.catalina.startup.HostConfig deployDescriptor
INFO: Deploying configuration descriptor manager.xml
Feb 16, 2012 10:02:09 PM org.apache.catalina.startup.HostConfig deployDescriptor
INFO: Deploying configuration descriptor WebApplication1.xml
Feb 16, 2012 10:02:09 PM org.apache.catalina.core.StandardContext resourcesStart
SEVERE: Error starting static Resources
java.lang.IllegalArgumentException: Document base /Users/natechen/NetBeansProjects/WebApplication1/build/web does not exist or is not a readable directory
	at org.apache.naming.resources.FileDirContext.setDocBase(FileDirContext.java:142)
	at org.apache.catalina.core.StandardContext.resourcesStart(StandardContext.java:4249)
	at org.apache.catalina.core.StandardContext.start(StandardContext.java:4418)
	at org.apache.catalina.core.ContainerBase.addChildInternal(ContainerBase.java:791)
	at org.apache.catalina.core.ContainerBase.addChild(ContainerBase.java:771)
	at org.apache.catalina.core.StandardHost.addChild(StandardHost.java:546)
	at org.apache.catalina.startup.HostConfig.deployDescriptor(HostConfig.java:637)
	at org.apache.catalina.startup.HostConfig.deployDescriptors(HostConfig.java:563)
	at org.apache.catalina.startup.HostConfig.deployApps(HostConfig.java:498)
	at org.apache.catalina.startup.HostConfig.start(HostConfig.java:1277)
	at org.apache.catalina.startup.HostConfig.lifecycleEvent(HostConfig.java:321)
	at org.apache.catalina.util.LifecycleSupport.fireLifecycleEvent(LifecycleSupport.java:119)
	at org.apache.catalina.core.ContainerBase.start(ContainerBase.java:1053)
	at org.apache.catalina.core.StandardHost.start(StandardHost.java:785)
	at org.apache.catalina.core.ContainerBase.start(ContainerBase.java:1045)
	at org.apache.catalina.core.StandardEngine.start(StandardEngine.java:445)
	at org.apache.catalina.core.StandardService.start(StandardService.java:519)
	at org.apache.catalina.core.StandardServer.start(StandardServer.java:710)
	at org.apache.catalina.startup.Catalina.start(Catalina.java:581)
	at sun.reflect.NativeMethodAccessorImpl.invoke0(Native Method)
	at sun.reflect.NativeMethodAccessorImpl.invoke(NativeMethodAccessorImpl.java:39)
	at sun.reflect.DelegatingMethodAccessorImpl.invoke(DelegatingMethodAccessorImpl.java:25)
	at java.lang.reflect.Method.invoke(Method.java:597)
	at org.apache.catalina.startup.Bootstrap.start(Bootstrap.java:289)
	at org.apache.catalina.startup.Bootstrap.main(Bootstrap.java:414)
Feb 16, 2012 10:02:09 PM org.apache.catalina.core.StandardContext start
SEVERE: Error in resourceStart()
Feb 16, 2012 10:02:09 PM org.apache.catalina.core.StandardContext start
SEVERE: Error getConfigured
Feb 16, 2012 10:02:09 PM org.apache.catalina.core.StandardContext start
SEVERE: Context [/WebApplication1] startup failed due to previous errors
Feb 16, 2012 10:02:09 PM org.apache.catalina.core.StandardContext stop
INFO: Container org.apache.catalina.core.ContainerBase.[Catalina].[localhost].[/WebApplication1] has not been started
Feb 16, 2012 10:02:09 PM org.apache.catalina.startup.HostConfig deployWAR
INFO: Deploying web application archive solr.war
Feb 16, 2012 10:02:09 PM org.apache.solr.core.SolrResourceLoader locateSolrHome
INFO: No /solr/home in JNDI
Feb 16, 2012 10:02:09 PM org.apache.solr.core.SolrResourceLoader locateSolrHome
INFO: solr home defaulted to 'solr/' (could not find system property or JNDI)
Feb 16, 2012 10:02:09 PM org.apache.solr.core.SolrResourceLoader <init>
INFO: Solr home set to 'solr/'
Feb 16, 2012 10:02:09 PM org.apache.solr.servlet.SolrDispatchFilter init
INFO: SolrDispatchFilter.init()
Feb 16, 2012 10:02:09 PM org.apache.solr.core.SolrResourceLoader locateSolrHome
INFO: No /solr/home in JNDI
Feb 16, 2012 10:02:09 PM org.apache.solr.core.SolrResourceLoader locateSolrHome
INFO: solr home defaulted to 'solr/' (could not find system property or JNDI)
Feb 16, 2012 10:02:09 PM org.apache.solr.core.CoreContainer$Initializer initialize
INFO: looking for solr.xml: /Users/NATHAN/frameworks/apache-tomcat-6.0.29/bin/solr/solr.xml
Feb 16, 2012 10:02:09 PM org.apache.solr.core.SolrResourceLoader locateSolrHome
INFO: No /solr/home in JNDI
Feb 16, 2012 10:02:09 PM org.apache.solr.core.SolrResourceLoader locateSolrHome
INFO: solr home defaulted to 'solr/' (could not find system property or JNDI)
Feb 16, 2012 10:02:09 PM org.apache.solr.core.CoreContainer <init>
INFO: New CoreContainer: solrHome=solr/ instance=420745445
Feb 16, 2012 10:02:09 PM org.apache.solr.core.SolrResourceLoader <init>
INFO: Solr home set to 'solr/'
Feb 16, 2012 10:02:09 PM org.apache.solr.core.SolrResourceLoader <init>
INFO: Solr home set to 'solr/./'
Feb 16, 2012 10:02:09 PM org.apache.solr.common.SolrException log
SEVERE: java.lang.RuntimeException: Can't find resource 'solrconfig.xml' in classpath or 'solr/./conf/', cwd=/Users/NATHAN/frameworks/apache-tomcat-6.0.29/bin
	at org.apache.solr.core.SolrResourceLoader.openResource(SolrResourceLoader.java:268)
	at org.apache.solr.core.SolrResourceLoader.openConfig(SolrResourceLoader.java:234)
	at org.apache.solr.core.Config.<init>(Config.java:141)
	at org.apache.solr.core.SolrConfig.<init>(SolrConfig.java:131)
	at org.apache.solr.core.CoreContainer.create(CoreContainer.java:435)
	at org.apache.solr.core.CoreContainer.load(CoreContainer.java:316)
	at org.apache.solr.core.CoreContainer$Initializer.initialize(CoreContainer.java:133)
	at org.apache.solr.servlet.SolrDispatchFilter.init(SolrDispatchFilter.java:94)
	at org.apache.catalina.core.ApplicationFilterConfig.getFilter(ApplicationFilterConfig.java:295)
	at org.apache.catalina.core.ApplicationFilterConfig.setFilterDef(ApplicationFilterConfig.java:422)
	at org.apache.catalina.core.ApplicationFilterConfig.<init>(ApplicationFilterConfig.java:115)
	at org.apache.catalina.core.StandardContext.filterStart(StandardContext.java:4001)
	at org.apache.catalina.core.StandardContext.start(StandardContext.java:4651)
	at org.apache.catalina.core.ContainerBase.addChildInternal(ContainerBase.java:791)
	at org.apache.catalina.core.ContainerBase.addChild(ContainerBase.java:771)
	at org.apache.catalina.core.StandardHost.addChild(StandardHost.java:546)
	at org.apache.catalina.startup.HostConfig.deployWAR(HostConfig.java:905)
	at org.apache.catalina.startup.HostConfig.deployWARs(HostConfig.java:740)
	at org.apache.catalina.startup.HostConfig.deployApps(HostConfig.java:500)
	at org.apache.catalina.startup.HostConfig.start(HostConfig.java:1277)
	at org.apache.catalina.startup.HostConfig.lifecycleEvent(HostConfig.java:321)
	at org.apache.catalina.util.LifecycleSupport.fireLifecycleEvent(LifecycleSupport.java:119)
	at org.apache.catalina.core.ContainerBase.start(ContainerBase.java:1053)
	at org.apache.catalina.core.StandardHost.start(StandardHost.java:785)
	at org.apache.catalina.core.ContainerBase.start(ContainerBase.java:1045)
	at org.apache.catalina.core.StandardEngine.start(StandardEngine.java:445)
	at org.apache.catalina.core.StandardService.start(StandardService.java:519)
	at org.apache.catalina.core.StandardServer.start(StandardServer.java:710)
	at org.apache.catalina.startup.Catalina.start(Catalina.java:581)
	at sun.reflect.NativeMethodAccessorImpl.invoke0(Native Method)
	at sun.reflect.NativeMethodAccessorImpl.invoke(NativeMethodAccessorImpl.java:39)
	at sun.reflect.DelegatingMethodAccessorImpl.invoke(DelegatingMethodAccessorImpl.java:25)
	at java.lang.reflect.Method.invoke(Method.java:597)
	at org.apache.catalina.startup.Bootstrap.start(Bootstrap.java:289)
	at org.apache.catalina.startup.Bootstrap.main(Bootstrap.java:414)

Feb 16, 2012 10:02:09 PM org.apache.solr.servlet.SolrDispatchFilter init
INFO: user.dir=/Users/NATHAN/frameworks/apache-tomcat-6.0.29/bin
Feb 16, 2012 10:02:09 PM org.apache.solr.servlet.SolrDispatchFilter init
INFO: SolrDispatchFilter.init() done
Feb 16, 2012 10:02:09 PM org.apache.solr.servlet.SolrServlet init
INFO: SolrServlet.init()
Feb 16, 2012 10:02:09 PM org.apache.solr.core.SolrResourceLoader locateSolrHome
INFO: No /solr/home in JNDI
Feb 16, 2012 10:02:09 PM org.apache.solr.core.SolrResourceLoader locateSolrHome
INFO: solr home defaulted to 'solr/' (could not find system property or JNDI)
Feb 16, 2012 10:02:09 PM org.apache.solr.servlet.SolrServlet init
INFO: SolrServlet.init() done
Feb 16, 2012 10:02:09 PM org.apache.solr.core.SolrResourceLoader locateSolrHome
INFO: No /solr/home in JNDI
Feb 16, 2012 10:02:09 PM org.apache.solr.core.SolrResourceLoader locateSolrHome
INFO: solr home defaulted to 'solr/' (could not find system property or JNDI)
Feb 16, 2012 10:02:09 PM org.apache.solr.servlet.SolrUpdateServlet init
INFO: SolrUpdateServlet.init() done
Feb 16, 2012 10:02:09 PM org.apache.catalina.startup.HostConfig deployDirectory
INFO: Deploying web application directory docs
Feb 16, 2012 10:02:09 PM org.apache.catalina.startup.HostConfig deployDirectory
INFO: Deploying web application directory examples
Feb 16, 2012 10:02:10 PM org.apache.catalina.startup.HostConfig deployDirectory
INFO: Deploying web application directory ROOT
Feb 16, 2012 10:02:10 PM org.apache.coyote.http11.Http11Protocol start
INFO: Starting Coyote HTTP/1.1 on http-8080
Feb 16, 2012 10:02:10 PM org.apache.jk.common.ChannelSocket init
INFO: JK: ajp13 listening on /0.0.0.0:8009
Feb 16, 2012 10:02:10 PM org.apache.jk.server.JkMain start
INFO: Jk running ID=0 time=0/25  config=null
Feb 16, 2012 10:02:10 PM org.apache.catalina.startup.Catalina start
INFO: Server startup in 1513 ms
Feb 16, 2012 10:02:37 PM org.apache.coyote.http11.Http11Protocol pause
INFO: Pausing Coyote HTTP/1.1 on http-8080
Feb 16, 2012 10:02:38 PM org.apache.catalina.core.StandardService stop
INFO: Stopping service Catalina
Feb 16, 2012 10:02:38 PM org.apache.catalina.loader.WebappClassLoader clearReferencesThreads
SEVERE: The web application [/host-manager] appears to have started a thread named [Poller SunPKCS11-Darwin] but has failed to stop it. This is very likely to create a memory leak.
Feb 16, 2012 10:02:38 PM org.apache.catalina.core.StandardContext stop
INFO: Container org.apache.catalina.core.ContainerBase.[Catalina].[localhost].[/index] has not been started
Feb 16, 2012 10:02:38 PM org.apache.coyote.http11.Http11Protocol destroy
INFO: Stopping Coyote HTTP/1.1 on http-8080
Feb 16, 2012 10:04:13 PM org.apache.catalina.core.AprLifecycleListener init
INFO: The APR based Apache Tomcat Native library which allows optimal performance in production environments was not found on the java.library.path: .:/Library/Java/Extensions:/System/Library/Java/Extensions:/usr/lib/java
Feb 16, 2012 10:04:14 PM org.apache.coyote.http11.Http11Protocol init
INFO: Initializing Coyote HTTP/1.1 on http-8080
Feb 16, 2012 10:04:14 PM org.apache.catalina.startup.Catalina load
INFO: Initialization processed in 610 ms
Feb 16, 2012 10:04:14 PM org.apache.catalina.core.StandardService start
INFO: Starting service Catalina
Feb 16, 2012 10:04:14 PM org.apache.catalina.core.StandardEngine start
INFO: Starting Servlet Engine: Apache Tomcat/6.0.29
Feb 16, 2012 10:04:14 PM org.apache.catalina.core.StandardContext resourcesStart
SEVERE: Error starting static Resources
java.lang.IllegalArgumentException: Document base /Users/NATHAN/frameworks/apache-tomcat-6.0.29/webapps/User/natechen/Programming does not exist or is not a readable directory
	at org.apache.naming.resources.FileDirContext.setDocBase(FileDirContext.java:142)
	at org.apache.catalina.core.StandardContext.resourcesStart(StandardContext.java:4249)
	at org.apache.catalina.core.StandardContext.start(StandardContext.java:4418)
	at org.apache.catalina.core.ContainerBase.start(ContainerBase.java:1045)
	at org.apache.catalina.core.StandardHost.start(StandardHost.java:785)
	at org.apache.catalina.core.ContainerBase.start(ContainerBase.java:1045)
	at org.apache.catalina.core.StandardEngine.start(StandardEngine.java:445)
	at org.apache.catalina.core.StandardService.start(StandardService.java:519)
	at org.apache.catalina.core.StandardServer.start(StandardServer.java:710)
	at org.apache.catalina.startup.Catalina.start(Catalina.java:581)
	at sun.reflect.NativeMethodAccessorImpl.invoke0(Native Method)
	at sun.reflect.NativeMethodAccessorImpl.invoke(NativeMethodAccessorImpl.java:39)
	at sun.reflect.DelegatingMethodAccessorImpl.invoke(DelegatingMethodAccessorImpl.java:25)
	at java.lang.reflect.Method.invoke(Method.java:597)
	at org.apache.catalina.startup.Bootstrap.start(Bootstrap.java:289)
	at org.apache.catalina.startup.Bootstrap.main(Bootstrap.java:414)
Feb 16, 2012 10:04:14 PM org.apache.catalina.core.StandardContext start
SEVERE: Error in resourceStart()
Feb 16, 2012 10:04:14 PM org.apache.catalina.core.StandardContext start
SEVERE: Error getConfigured
Feb 16, 2012 10:04:14 PM org.apache.catalina.core.StandardContext start
SEVERE: Context [/index] startup failed due to previous errors
Feb 16, 2012 10:04:14 PM org.apache.catalina.core.StandardContext stop
INFO: Container org.apache.catalina.core.ContainerBase.[Catalina].[localhost].[/index] has not been started
Feb 16, 2012 10:04:14 PM org.apache.catalina.startup.HostConfig deployDescriptor
INFO: Deploying configuration descriptor host-manager.xml
Feb 16, 2012 10:04:14 PM org.apache.catalina.startup.HostConfig deployDescriptor
INFO: Deploying configuration descriptor lucene-3.0.3.xml
Feb 16, 2012 10:04:14 PM org.apache.catalina.core.StandardContext resourcesStart
SEVERE: Error starting static Resources
java.lang.IllegalArgumentException: Document base /Users/natechen/NetBeansProjects/lucene-3.0.3/build/web does not exist or is not a readable directory
	at org.apache.naming.resources.FileDirContext.setDocBase(FileDirContext.java:142)
	at org.apache.catalina.core.StandardContext.resourcesStart(StandardContext.java:4249)
	at org.apache.catalina.core.StandardContext.start(StandardContext.java:4418)
	at org.apache.catalina.core.ContainerBase.addChildInternal(ContainerBase.java:791)
	at org.apache.catalina.core.ContainerBase.addChild(ContainerBase.java:771)
	at org.apache.catalina.core.StandardHost.addChild(StandardHost.java:546)
	at org.apache.catalina.startup.HostConfig.deployDescriptor(HostConfig.java:637)
	at org.apache.catalina.startup.HostConfig.deployDescriptors(HostConfig.java:563)
	at org.apache.catalina.startup.HostConfig.deployApps(HostConfig.java:498)
	at org.apache.catalina.startup.HostConfig.start(HostConfig.java:1277)
	at org.apache.catalina.startup.HostConfig.lifecycleEvent(HostConfig.java:321)
	at org.apache.catalina.util.LifecycleSupport.fireLifecycleEvent(LifecycleSupport.java:119)
	at org.apache.catalina.core.ContainerBase.start(ContainerBase.java:1053)
	at org.apache.catalina.core.StandardHost.start(StandardHost.java:785)
	at org.apache.catalina.core.ContainerBase.start(ContainerBase.java:1045)
	at org.apache.catalina.core.StandardEngine.start(StandardEngine.java:445)
	at org.apache.catalina.core.StandardService.start(StandardService.java:519)
	at org.apache.catalina.core.StandardServer.start(StandardServer.java:710)
	at org.apache.catalina.startup.Catalina.start(Catalina.java:581)
	at sun.reflect.NativeMethodAccessorImpl.invoke0(Native Method)
	at sun.reflect.NativeMethodAccessorImpl.invoke(NativeMethodAccessorImpl.java:39)
	at sun.reflect.DelegatingMethodAccessorImpl.invoke(DelegatingMethodAccessorImpl.java:25)
	at java.lang.reflect.Method.invoke(Method.java:597)
	at org.apache.catalina.startup.Bootstrap.start(Bootstrap.java:289)
	at org.apache.catalina.startup.Bootstrap.main(Bootstrap.java:414)
Feb 16, 2012 10:04:14 PM org.apache.catalina.core.StandardContext start
SEVERE: Error in resourceStart()
Feb 16, 2012 10:04:14 PM org.apache.catalina.core.StandardContext start
SEVERE: Error getConfigured
Feb 16, 2012 10:04:14 PM org.apache.catalina.core.StandardContext start
SEVERE: Context [/lucene-3.0.3] startup failed due to previous errors
Feb 16, 2012 10:04:14 PM org.apache.catalina.core.StandardContext stop
INFO: Container org.apache.catalina.core.ContainerBase.[Catalina].[localhost].[/lucene-3.0.3] has not been started
Feb 16, 2012 10:04:14 PM org.apache.catalina.startup.HostConfig deployDescriptor
INFO: Deploying configuration descriptor manager.xml
Feb 16, 2012 10:04:14 PM org.apache.catalina.startup.HostConfig deployDescriptor
INFO: Deploying configuration descriptor WebApplication1.xml
Feb 16, 2012 10:04:14 PM org.apache.catalina.core.StandardContext resourcesStart
SEVERE: Error starting static Resources
java.lang.IllegalArgumentException: Document base /Users/natechen/NetBeansProjects/WebApplication1/build/web does not exist or is not a readable directory
	at org.apache.naming.resources.FileDirContext.setDocBase(FileDirContext.java:142)
	at org.apache.catalina.core.StandardContext.resourcesStart(StandardContext.java:4249)
	at org.apache.catalina.core.StandardContext.start(StandardContext.java:4418)
	at org.apache.catalina.core.ContainerBase.addChildInternal(ContainerBase.java:791)
	at org.apache.catalina.core.ContainerBase.addChild(ContainerBase.java:771)
	at org.apache.catalina.core.StandardHost.addChild(StandardHost.java:546)
	at org.apache.catalina.startup.HostConfig.deployDescriptor(HostConfig.java:637)
	at org.apache.catalina.startup.HostConfig.deployDescriptors(HostConfig.java:563)
	at org.apache.catalina.startup.HostConfig.deployApps(HostConfig.java:498)
	at org.apache.catalina.startup.HostConfig.start(HostConfig.java:1277)
	at org.apache.catalina.startup.HostConfig.lifecycleEvent(HostConfig.java:321)
	at org.apache.catalina.util.LifecycleSupport.fireLifecycleEvent(LifecycleSupport.java:119)
	at org.apache.catalina.core.ContainerBase.start(ContainerBase.java:1053)
	at org.apache.catalina.core.StandardHost.start(StandardHost.java:785)
	at org.apache.catalina.core.ContainerBase.start(ContainerBase.java:1045)
	at org.apache.catalina.core.StandardEngine.start(StandardEngine.java:445)
	at org.apache.catalina.core.StandardService.start(StandardService.java:519)
	at org.apache.catalina.core.StandardServer.start(StandardServer.java:710)
	at org.apache.catalina.startup.Catalina.start(Catalina.java:581)
	at sun.reflect.NativeMethodAccessorImpl.invoke0(Native Method)
	at sun.reflect.NativeMethodAccessorImpl.invoke(NativeMethodAccessorImpl.java:39)
	at sun.reflect.DelegatingMethodAccessorImpl.invoke(DelegatingMethodAccessorImpl.java:25)
	at java.lang.reflect.Method.invoke(Method.java:597)
	at org.apache.catalina.startup.Bootstrap.start(Bootstrap.java:289)
	at org.apache.catalina.startup.Bootstrap.main(Bootstrap.java:414)
Feb 16, 2012 10:04:14 PM org.apache.catalina.core.StandardContext start
SEVERE: Error in resourceStart()
Feb 16, 2012 10:04:14 PM org.apache.catalina.core.StandardContext start
SEVERE: Error getConfigured
Feb 16, 2012 10:04:14 PM org.apache.catalina.core.StandardContext start
SEVERE: Context [/WebApplication1] startup failed due to previous errors
Feb 16, 2012 10:04:14 PM org.apache.catalina.core.StandardContext stop
INFO: Container org.apache.catalina.core.ContainerBase.[Catalina].[localhost].[/WebApplication1] has not been started
Feb 16, 2012 10:04:14 PM org.apache.catalina.startup.HostConfig deployWAR
INFO: Deploying web application archive solr.war
Feb 16, 2012 10:04:14 PM org.apache.solr.core.SolrResourceLoader locateSolrHome
INFO: No /solr/home in JNDI
Feb 16, 2012 10:04:14 PM org.apache.solr.core.SolrResourceLoader locateSolrHome
INFO: solr home defaulted to 'solr/' (could not find system property or JNDI)
Feb 16, 2012 10:04:14 PM org.apache.solr.core.SolrResourceLoader <init>
INFO: Solr home set to 'solr/'
Feb 16, 2012 10:04:14 PM org.apache.solr.servlet.SolrDispatchFilter init
INFO: SolrDispatchFilter.init()
Feb 16, 2012 10:04:14 PM org.apache.solr.core.SolrResourceLoader locateSolrHome
INFO: No /solr/home in JNDI
Feb 16, 2012 10:04:14 PM org.apache.solr.core.SolrResourceLoader locateSolrHome
INFO: solr home defaulted to 'solr/' (could not find system property or JNDI)
Feb 16, 2012 10:04:14 PM org.apache.solr.core.CoreContainer$Initializer initialize
INFO: looking for solr.xml: /Users/NATHAN/Desktop/solr-tomcat/solr/solr.xml
Feb 16, 2012 10:04:14 PM org.apache.solr.core.SolrResourceLoader locateSolrHome
INFO: No /solr/home in JNDI
Feb 16, 2012 10:04:14 PM org.apache.solr.core.SolrResourceLoader locateSolrHome
INFO: solr home defaulted to 'solr/' (could not find system property or JNDI)
Feb 16, 2012 10:04:14 PM org.apache.solr.core.CoreContainer <init>
INFO: New CoreContainer: solrHome=solr/ instance=1281689746
Feb 16, 2012 10:04:14 PM org.apache.solr.core.SolrResourceLoader <init>
INFO: Solr home set to 'solr/'
Feb 16, 2012 10:04:14 PM org.apache.solr.core.SolrResourceLoader <init>
INFO: Solr home set to 'solr/./'
Feb 16, 2012 10:04:14 PM org.apache.solr.core.SolrConfig initLibs
INFO: Adding specified lib dirs to ClassLoader
Feb 16, 2012 10:04:15 PM org.apache.solr.core.SolrConfig <init>
INFO: Using Lucene MatchVersion: LUCENE_33
Feb 16, 2012 10:04:15 PM org.apache.solr.core.SolrConfig <init>
INFO: Loaded SolrConfig: solrconfig.xml
Feb 16, 2012 10:04:15 PM org.apache.solr.schema.IndexSchema readSchema
INFO: Reading Solr Schema
Feb 16, 2012 10:04:15 PM org.apache.solr.schema.IndexSchema readSchema
INFO: Schema name=example
Feb 16, 2012 10:04:15 PM org.apache.solr.util.plugin.AbstractPluginLoader load
INFO: created string: org.apache.solr.schema.StrField
Feb 16, 2012 10:04:15 PM org.apache.solr.util.plugin.AbstractPluginLoader load
INFO: created boolean: org.apache.solr.schema.BoolField
Feb 16, 2012 10:04:15 PM org.apache.solr.util.plugin.AbstractPluginLoader load
INFO: created binary: org.apache.solr.schema.BinaryField
Feb 16, 2012 10:04:15 PM org.apache.solr.util.plugin.AbstractPluginLoader load
INFO: created int: org.apache.solr.schema.TrieIntField
Feb 16, 2012 10:04:15 PM org.apache.solr.util.plugin.AbstractPluginLoader load
INFO: created float: org.apache.solr.schema.TrieFloatField
Feb 16, 2012 10:04:15 PM org.apache.solr.util.plugin.AbstractPluginLoader load
INFO: created long: org.apache.solr.schema.TrieLongField
Feb 16, 2012 10:04:15 PM org.apache.solr.util.plugin.AbstractPluginLoader load
INFO: created double: org.apache.solr.schema.TrieDoubleField
Feb 16, 2012 10:04:15 PM org.apache.solr.util.plugin.AbstractPluginLoader load
INFO: created tint: org.apache.solr.schema.TrieIntField
Feb 16, 2012 10:04:15 PM org.apache.solr.util.plugin.AbstractPluginLoader load
INFO: created tfloat: org.apache.solr.schema.TrieFloatField
Feb 16, 2012 10:04:15 PM org.apache.solr.util.plugin.AbstractPluginLoader load
INFO: created tlong: org.apache.solr.schema.TrieLongField
Feb 16, 2012 10:04:15 PM org.apache.solr.util.plugin.AbstractPluginLoader load
INFO: created tdouble: org.apache.solr.schema.TrieDoubleField
Feb 16, 2012 10:04:15 PM org.apache.solr.util.plugin.AbstractPluginLoader load
INFO: created date: org.apache.solr.schema.TrieDateField
Feb 16, 2012 10:04:15 PM org.apache.solr.util.plugin.AbstractPluginLoader load
INFO: created tdate: org.apache.solr.schema.TrieDateField
Feb 16, 2012 10:04:15 PM org.apache.solr.util.plugin.AbstractPluginLoader load
INFO: created pint: org.apache.solr.schema.IntField
Feb 16, 2012 10:04:15 PM org.apache.solr.util.plugin.AbstractPluginLoader load
INFO: created plong: org.apache.solr.schema.LongField
Feb 16, 2012 10:04:15 PM org.apache.solr.util.plugin.AbstractPluginLoader load
INFO: created pfloat: org.apache.solr.schema.FloatField
Feb 16, 2012 10:04:15 PM org.apache.solr.util.plugin.AbstractPluginLoader load
INFO: created pdouble: org.apache.solr.schema.DoubleField
Feb 16, 2012 10:04:15 PM org.apache.solr.util.plugin.AbstractPluginLoader load
INFO: created pdate: org.apache.solr.schema.DateField
Feb 16, 2012 10:04:15 PM org.apache.solr.util.plugin.AbstractPluginLoader load
INFO: created sint: org.apache.solr.schema.SortableIntField
Feb 16, 2012 10:04:15 PM org.apache.solr.util.plugin.AbstractPluginLoader load
INFO: created slong: org.apache.solr.schema.SortableLongField
Feb 16, 2012 10:04:15 PM org.apache.solr.util.plugin.AbstractPluginLoader load
INFO: created sfloat: org.apache.solr.schema.SortableFloatField
Feb 16, 2012 10:04:15 PM org.apache.solr.util.plugin.AbstractPluginLoader load
INFO: created sdouble: org.apache.solr.schema.SortableDoubleField
Feb 16, 2012 10:04:15 PM org.apache.solr.util.plugin.AbstractPluginLoader load
INFO: created random: org.apache.solr.schema.RandomSortField
Feb 16, 2012 10:04:15 PM org.apache.solr.util.plugin.AbstractPluginLoader load
INFO: created : org.apache.solr.analysis.WhitespaceTokenizerFactory
Feb 16, 2012 10:04:15 PM org.apache.solr.util.plugin.AbstractPluginLoader load
INFO: created text_ws: org.apache.solr.schema.TextField
Feb 16, 2012 10:04:15 PM org.apache.solr.util.plugin.AbstractPluginLoader load
INFO: created : org.apache.solr.analysis.StandardTokenizerFactory
Feb 16, 2012 10:04:15 PM org.apache.solr.util.plugin.AbstractPluginLoader load
INFO: created : org.apache.solr.analysis.StopFilterFactory
Feb 16, 2012 10:04:15 PM org.apache.solr.util.plugin.AbstractPluginLoader load
INFO: created : org.apache.solr.analysis.SynonymFilterFactory
Feb 16, 2012 10:04:15 PM org.apache.solr.util.plugin.AbstractPluginLoader load
INFO: created : org.apache.solr.analysis.LowerCaseFilterFactory
Feb 16, 2012 10:04:15 PM org.apache.solr.util.plugin.AbstractPluginLoader load
INFO: created : org.apache.solr.analysis.StandardTokenizerFactory
Feb 16, 2012 10:04:15 PM org.apache.solr.util.plugin.AbstractPluginLoader load
INFO: created : org.apache.solr.analysis.StopFilterFactory
Feb 16, 2012 10:04:15 PM org.apache.solr.util.plugin.AbstractPluginLoader load
INFO: created : org.apache.solr.analysis.LowerCaseFilterFactory
Feb 16, 2012 10:04:15 PM org.apache.solr.util.plugin.AbstractPluginLoader load
INFO: created text_general: org.apache.solr.schema.TextField
Feb 16, 2012 10:04:15 PM org.apache.solr.util.plugin.AbstractPluginLoader load
INFO: created : org.apache.solr.analysis.StandardTokenizerFactory
Feb 16, 2012 10:04:15 PM org.apache.solr.util.plugin.AbstractPluginLoader load
INFO: created : org.apache.solr.analysis.SynonymFilterFactory
Feb 16, 2012 10:04:15 PM org.apache.solr.util.plugin.AbstractPluginLoader load
INFO: created : org.apache.solr.analysis.StopFilterFactory
Feb 16, 2012 10:04:15 PM org.apache.solr.util.plugin.AbstractPluginLoader load
INFO: created : org.apache.solr.analysis.LowerCaseFilterFactory
Feb 16, 2012 10:04:15 PM org.apache.solr.util.plugin.AbstractPluginLoader load
INFO: created : org.apache.solr.analysis.EnglishPossessiveFilterFactory
Feb 16, 2012 10:04:15 PM org.apache.solr.util.plugin.AbstractPluginLoader load
INFO: created : org.apache.solr.analysis.KeywordMarkerFilterFactory
Feb 16, 2012 10:04:15 PM org.apache.solr.util.plugin.AbstractPluginLoader load
INFO: created : org.apache.solr.analysis.PorterStemFilterFactory
Feb 16, 2012 10:04:15 PM org.apache.solr.util.plugin.AbstractPluginLoader load
INFO: created : org.apache.solr.analysis.StandardTokenizerFactory
Feb 16, 2012 10:04:15 PM org.apache.solr.util.plugin.AbstractPluginLoader load
INFO: created : org.apache.solr.analysis.StopFilterFactory
Feb 16, 2012 10:04:15 PM org.apache.solr.util.plugin.AbstractPluginLoader load
INFO: created : org.apache.solr.analysis.LowerCaseFilterFactory
Feb 16, 2012 10:04:15 PM org.apache.solr.util.plugin.AbstractPluginLoader load
INFO: created : org.apache.solr.analysis.EnglishPossessiveFilterFactory
Feb 16, 2012 10:04:15 PM org.apache.solr.util.plugin.AbstractPluginLoader load
INFO: created : org.apache.solr.analysis.KeywordMarkerFilterFactory
Feb 16, 2012 10:04:15 PM org.apache.solr.util.plugin.AbstractPluginLoader load
INFO: created : org.apache.solr.analysis.PorterStemFilterFactory
Feb 16, 2012 10:04:15 PM org.apache.solr.util.plugin.AbstractPluginLoader load
INFO: created text_en: org.apache.solr.schema.TextField
Feb 16, 2012 10:04:15 PM org.apache.solr.util.plugin.AbstractPluginLoader load
INFO: created : org.apache.solr.analysis.WhitespaceTokenizerFactory
Feb 16, 2012 10:04:15 PM org.apache.solr.util.plugin.AbstractPluginLoader load
INFO: created : org.apache.solr.analysis.SynonymFilterFactory
Feb 16, 2012 10:04:15 PM org.apache.solr.util.plugin.AbstractPluginLoader load
INFO: created : org.apache.solr.analysis.StopFilterFactory
Feb 16, 2012 10:04:15 PM org.apache.solr.util.plugin.AbstractPluginLoader load
INFO: created : org.apache.solr.analysis.WordDelimiterFilterFactory
Feb 16, 2012 10:04:15 PM org.apache.solr.util.plugin.AbstractPluginLoader load
INFO: created : org.apache.solr.analysis.LowerCaseFilterFactory
Feb 16, 2012 10:04:15 PM org.apache.solr.util.plugin.AbstractPluginLoader load
INFO: created : org.apache.solr.analysis.KeywordMarkerFilterFactory
Feb 16, 2012 10:04:15 PM org.apache.solr.util.plugin.AbstractPluginLoader load
INFO: created : org.apache.solr.analysis.PorterStemFilterFactory
Feb 16, 2012 10:04:15 PM org.apache.solr.util.plugin.AbstractPluginLoader load
INFO: created : org.apache.solr.analysis.WhitespaceTokenizerFactory
Feb 16, 2012 10:04:15 PM org.apache.solr.util.plugin.AbstractPluginLoader load
INFO: created : org.apache.solr.analysis.StopFilterFactory
Feb 16, 2012 10:04:15 PM org.apache.solr.util.plugin.AbstractPluginLoader load
INFO: created : org.apache.solr.analysis.WordDelimiterFilterFactory
Feb 16, 2012 10:04:15 PM org.apache.solr.util.plugin.AbstractPluginLoader load
INFO: created : org.apache.solr.analysis.LowerCaseFilterFactory
Feb 16, 2012 10:04:15 PM org.apache.solr.util.plugin.AbstractPluginLoader load
INFO: created : org.apache.solr.analysis.KeywordMarkerFilterFactory
Feb 16, 2012 10:04:15 PM org.apache.solr.util.plugin.AbstractPluginLoader load
INFO: created : org.apache.solr.analysis.PorterStemFilterFactory
Feb 16, 2012 10:04:15 PM org.apache.solr.util.plugin.AbstractPluginLoader load
INFO: created text_en_splitting: org.apache.solr.schema.TextField
Feb 16, 2012 10:04:15 PM org.apache.solr.util.plugin.AbstractPluginLoader load
INFO: created : org.apache.solr.analysis.WhitespaceTokenizerFactory
Feb 16, 2012 10:04:15 PM org.apache.solr.util.plugin.AbstractPluginLoader load
INFO: created : org.apache.solr.analysis.SynonymFilterFactory
Feb 16, 2012 10:04:15 PM org.apache.solr.util.plugin.AbstractPluginLoader load
INFO: created : org.apache.solr.analysis.StopFilterFactory
Feb 16, 2012 10:04:15 PM org.apache.solr.util.plugin.AbstractPluginLoader load
INFO: created : org.apache.solr.analysis.WordDelimiterFilterFactory
Feb 16, 2012 10:04:15 PM org.apache.solr.util.plugin.AbstractPluginLoader load
INFO: created : org.apache.solr.analysis.LowerCaseFilterFactory
Feb 16, 2012 10:04:15 PM org.apache.solr.util.plugin.AbstractPluginLoader load
INFO: created : org.apache.solr.analysis.KeywordMarkerFilterFactory
Feb 16, 2012 10:04:15 PM org.apache.solr.util.plugin.AbstractPluginLoader load
INFO: created : org.apache.solr.analysis.EnglishMinimalStemFilterFactory
Feb 16, 2012 10:04:15 PM org.apache.solr.util.plugin.AbstractPluginLoader load
INFO: created : org.apache.solr.analysis.RemoveDuplicatesTokenFilterFactory
Feb 16, 2012 10:04:15 PM org.apache.solr.util.plugin.AbstractPluginLoader load
INFO: created text_en_splitting_tight: org.apache.solr.schema.TextField
Feb 16, 2012 10:04:15 PM org.apache.solr.util.plugin.AbstractPluginLoader load
INFO: created : org.apache.solr.analysis.StandardTokenizerFactory
Feb 16, 2012 10:04:15 PM org.apache.solr.util.plugin.AbstractPluginLoader load
INFO: created : org.apache.solr.analysis.SynonymFilterFactory
Feb 16, 2012 10:04:15 PM org.apache.solr.util.plugin.AbstractPluginLoader load
INFO: created : org.apache.solr.analysis.StopFilterFactory
Feb 16, 2012 10:04:15 PM org.apache.solr.util.plugin.AbstractPluginLoader load
INFO: created : org.apache.solr.analysis.LowerCaseFilterFactory
Feb 16, 2012 10:04:15 PM org.apache.solr.util.plugin.AbstractPluginLoader load
INFO: created : org.apache.solr.analysis.StandardTokenizerFactory
Feb 16, 2012 10:04:15 PM org.apache.solr.util.plugin.AbstractPluginLoader load
INFO: created : org.apache.solr.analysis.StopFilterFactory
Feb 16, 2012 10:04:15 PM org.apache.solr.util.plugin.AbstractPluginLoader load
INFO: created : org.apache.solr.analysis.LowerCaseFilterFactory
Feb 16, 2012 10:04:15 PM org.apache.solr.util.plugin.AbstractPluginLoader load
INFO: created : org.apache.solr.analysis.ReversedWildcardFilterFactory
Feb 16, 2012 10:04:15 PM org.apache.solr.util.plugin.AbstractPluginLoader load
INFO: created text_general_rev: org.apache.solr.schema.TextField
Feb 16, 2012 10:04:15 PM org.apache.solr.util.plugin.AbstractPluginLoader load
INFO: created : org.apache.solr.analysis.KeywordTokenizerFactory
Feb 16, 2012 10:04:15 PM org.apache.solr.util.plugin.AbstractPluginLoader load
INFO: created : org.apache.solr.analysis.LowerCaseFilterFactory
Feb 16, 2012 10:04:15 PM org.apache.solr.util.plugin.AbstractPluginLoader load
INFO: created : org.apache.solr.analysis.TrimFilterFactory
Feb 16, 2012 10:04:15 PM org.apache.solr.util.plugin.AbstractPluginLoader load
INFO: created : org.apache.solr.analysis.PatternReplaceFilterFactory
Feb 16, 2012 10:04:15 PM org.apache.solr.util.plugin.AbstractPluginLoader load
INFO: created alphaOnlySort: org.apache.solr.schema.TextField
Feb 16, 2012 10:04:15 PM org.apache.solr.util.plugin.AbstractPluginLoader load
INFO: created : org.apache.solr.analysis.StandardTokenizerFactory
Feb 16, 2012 10:04:15 PM org.apache.solr.util.plugin.AbstractPluginLoader load
INFO: created : org.apache.solr.analysis.DoubleMetaphoneFilterFactory
Feb 16, 2012 10:04:15 PM org.apache.solr.util.plugin.AbstractPluginLoader load
INFO: created phonetic: org.apache.solr.schema.TextField
Feb 16, 2012 10:04:15 PM org.apache.solr.util.plugin.AbstractPluginLoader load
INFO: created : org.apache.solr.analysis.WhitespaceTokenizerFactory
Feb 16, 2012 10:04:15 PM org.apache.solr.util.plugin.AbstractPluginLoader load
INFO: created : org.apache.solr.analysis.DelimitedPayloadTokenFilterFactory
Feb 16, 2012 10:04:15 PM org.apache.solr.util.plugin.AbstractPluginLoader load
INFO: created payloads: org.apache.solr.schema.TextField
Feb 16, 2012 10:04:15 PM org.apache.solr.util.plugin.AbstractPluginLoader load
INFO: created : org.apache.solr.analysis.KeywordTokenizerFactory
Feb 16, 2012 10:04:15 PM org.apache.solr.util.plugin.AbstractPluginLoader load
INFO: created : org.apache.solr.analysis.LowerCaseFilterFactory
Feb 16, 2012 10:04:15 PM org.apache.solr.util.plugin.AbstractPluginLoader load
INFO: created lowercase: org.apache.solr.schema.TextField
Feb 16, 2012 10:04:15 PM org.apache.solr.util.plugin.AbstractPluginLoader load
INFO: created : org.apache.solr.analysis.PathHierarchyTokenizerFactory
Feb 16, 2012 10:04:15 PM org.apache.solr.util.plugin.AbstractPluginLoader load
INFO: created text_path: org.apache.solr.schema.TextField
Feb 16, 2012 10:04:15 PM org.apache.solr.util.plugin.AbstractPluginLoader load
INFO: created ignored: org.apache.solr.schema.StrField
Feb 16, 2012 10:04:15 PM org.apache.solr.util.plugin.AbstractPluginLoader load
INFO: created point: org.apache.solr.schema.PointType
Feb 16, 2012 10:04:15 PM org.apache.solr.util.plugin.AbstractPluginLoader load
INFO: created location: org.apache.solr.schema.LatLonType
Feb 16, 2012 10:04:15 PM org.apache.solr.util.plugin.AbstractPluginLoader load
INFO: created geohash: org.apache.solr.schema.GeoHashField
Feb 16, 2012 10:04:15 PM org.apache.solr.schema.IndexSchema readSchema
INFO: default search field is text
Feb 16, 2012 10:04:15 PM org.apache.solr.schema.IndexSchema readSchema
INFO: query parser default operator is OR
Feb 16, 2012 10:04:15 PM org.apache.solr.schema.IndexSchema readSchema
INFO: unique key field: id
Feb 16, 2012 10:04:15 PM org.apache.solr.core.SolrCore <init>
INFO: [] Opening new SolrCore at solr/./, dataDir=solr/./data/
Feb 16, 2012 10:04:15 PM org.apache.solr.core.JmxMonitoredMap <init>
INFO: JMX monitoring is enabled. Adding Solr mbeans to JMX Server: com.sun.jmx.mbeanserver.JmxMBeanServer@4ba33d48
Feb 16, 2012 10:04:15 PM org.apache.solr.core.SolrCore initListeners
INFO: [] Added SolrEventListener for newSearcher: org.apache.solr.core.QuerySenderListener{queries=[]}
Feb 16, 2012 10:04:15 PM org.apache.solr.core.SolrCore initListeners
INFO: [] Added SolrEventListener for firstSearcher: org.apache.solr.core.QuerySenderListener{queries=[{q=static firstSearcher warming in solrconfig.xml}]}
Feb 16, 2012 10:04:15 PM org.apache.solr.core.SolrCore initIndex
WARNING: [] Solr index directory 'solr/./data/index' doesn't exist. Creating new index...
Feb 16, 2012 10:04:15 PM org.apache.solr.core.SolrDeletionPolicy onCommit
INFO: SolrDeletionPolicy.onCommit: commits:num=1
	commit{dir=/Users/NATHAN/Desktop/solr-tomcat/solr/data/index,segFN=segments_1,version=1329401055934,generation=1,filenames=[segments_1]
Feb 16, 2012 10:04:15 PM org.apache.solr.core.SolrDeletionPolicy updateCommits
INFO: newest commit = 1329401055934
Feb 16, 2012 10:04:16 PM org.apache.solr.response.XSLTResponseWriter init
INFO: xsltCacheLifetimeSeconds=5
Feb 16, 2012 10:04:16 PM org.apache.solr.core.RequestHandlers initHandlersFromConfig
INFO: created search: solr.SearchHandler
Feb 16, 2012 10:04:16 PM org.apache.solr.core.RequestHandlers initHandlersFromConfig
INFO: created /browse: solr.SearchHandler
Feb 16, 2012 10:04:16 PM org.apache.solr.core.RequestHandlers initHandlersFromConfig
INFO: created /update: solr.XmlUpdateRequestHandler
Feb 16, 2012 10:04:16 PM org.apache.solr.core.RequestHandlers initHandlersFromConfig
INFO: created /update/javabin: solr.BinaryUpdateRequestHandler
Feb 16, 2012 10:04:16 PM org.apache.solr.core.RequestHandlers initHandlersFromConfig
INFO: adding lazy requestHandler: solr.CSVRequestHandler
Feb 16, 2012 10:04:16 PM org.apache.solr.core.RequestHandlers initHandlersFromConfig
INFO: created /update/csv: solr.CSVRequestHandler
Feb 16, 2012 10:04:16 PM org.apache.solr.core.RequestHandlers initHandlersFromConfig
INFO: adding lazy requestHandler: solr.JsonUpdateRequestHandler
Feb 16, 2012 10:04:16 PM org.apache.solr.core.RequestHandlers initHandlersFromConfig
INFO: created /update/json: solr.JsonUpdateRequestHandler
Feb 16, 2012 10:04:16 PM org.apache.solr.core.RequestHandlers initHandlersFromConfig
INFO: adding lazy requestHandler: solr.extraction.ExtractingRequestHandler
Feb 16, 2012 10:04:16 PM org.apache.solr.core.RequestHandlers initHandlersFromConfig
INFO: created /update/extract: solr.extraction.ExtractingRequestHandler
Feb 16, 2012 10:04:16 PM org.apache.solr.core.RequestHandlers initHandlersFromConfig
INFO: adding lazy requestHandler: solr.FieldAnalysisRequestHandler
Feb 16, 2012 10:04:16 PM org.apache.solr.core.RequestHandlers initHandlersFromConfig
INFO: created /analysis/field: solr.FieldAnalysisRequestHandler
Feb 16, 2012 10:04:16 PM org.apache.solr.core.RequestHandlers initHandlersFromConfig
INFO: adding lazy requestHandler: solr.DocumentAnalysisRequestHandler
Feb 16, 2012 10:04:16 PM org.apache.solr.core.RequestHandlers initHandlersFromConfig
INFO: created /analysis/document: solr.DocumentAnalysisRequestHandler
Feb 16, 2012 10:04:16 PM org.apache.solr.core.RequestHandlers initHandlersFromConfig
INFO: created /admin/: solr.admin.AdminHandlers
Feb 16, 2012 10:04:16 PM org.apache.solr.core.RequestHandlers initHandlersFromConfig
INFO: created /admin/ping: solr.PingRequestHandler
Feb 16, 2012 10:04:16 PM org.apache.solr.core.RequestHandlers initHandlersFromConfig
INFO: created /debug/dump: solr.DumpRequestHandler
Feb 16, 2012 10:04:16 PM org.apache.solr.core.RequestHandlers initHandlersFromConfig
INFO: adding lazy requestHandler: solr.SearchHandler
Feb 16, 2012 10:04:16 PM org.apache.solr.core.RequestHandlers initHandlersFromConfig
INFO: created /spell: solr.SearchHandler
Feb 16, 2012 10:04:16 PM org.apache.solr.core.RequestHandlers initHandlersFromConfig
INFO: adding lazy requestHandler: solr.SearchHandler
Feb 16, 2012 10:04:16 PM org.apache.solr.core.RequestHandlers initHandlersFromConfig
INFO: created tvrh: solr.SearchHandler
Feb 16, 2012 10:04:16 PM org.apache.solr.core.RequestHandlers initHandlersFromConfig
INFO: adding lazy requestHandler: solr.SearchHandler
Feb 16, 2012 10:04:16 PM org.apache.solr.core.RequestHandlers initHandlersFromConfig
INFO: created /terms: solr.SearchHandler
Feb 16, 2012 10:04:16 PM org.apache.solr.core.RequestHandlers initHandlersFromConfig
INFO: adding lazy requestHandler: solr.SearchHandler
Feb 16, 2012 10:04:16 PM org.apache.solr.core.RequestHandlers initHandlersFromConfig
INFO: created /elevate: solr.SearchHandler
Feb 16, 2012 10:04:16 PM org.apache.solr.search.SolrIndexSearcher <init>
INFO: Opening Searcher@531ed166 main
Feb 16, 2012 10:04:16 PM org.apache.solr.update.DirectUpdateHandler2$CommitTracker <init>
INFO: AutoCommit: disabled
Feb 16, 2012 10:04:16 PM org.apache.solr.handler.component.SpellCheckComponent inform
INFO: Initializing spell checkers
Feb 16, 2012 10:04:16 PM org.apache.solr.handler.component.SpellCheckComponent inform
WARNING: No queryConverter defined, using default converter
Feb 16, 2012 10:04:16 PM org.apache.solr.handler.component.QueryElevationComponent inform
INFO: Loading QueryElevation from: /Users/NATHAN/Desktop/solr-tomcat/solr/./conf/elevate.xml
Feb 16, 2012 10:04:16 PM org.apache.solr.handler.component.SearchHandler inform
INFO: Adding  component:org.apache.solr.handler.component.QueryComponent@10ea443f
Feb 16, 2012 10:04:16 PM org.apache.solr.handler.component.SearchHandler inform
INFO: Adding  component:org.apache.solr.handler.component.FacetComponent@4268cc6
Feb 16, 2012 10:04:16 PM org.apache.solr.handler.component.SearchHandler inform
INFO: Adding  component:org.apache.solr.handler.component.MoreLikeThisComponent@7ee41d4a
Feb 16, 2012 10:04:16 PM org.apache.solr.handler.component.SearchHandler inform
INFO: Adding  component:org.apache.solr.handler.component.HighlightComponent@323f265b
Feb 16, 2012 10:04:16 PM org.apache.solr.handler.component.SearchHandler inform
INFO: Adding  component:org.apache.solr.handler.component.StatsComponent@4fef3a22
Feb 16, 2012 10:04:16 PM org.apache.solr.handler.component.SearchHandler inform
INFO: Adding  debug component:org.apache.solr.handler.component.DebugComponent@62d1b72d
Feb 16, 2012 10:04:16 PM org.apache.solr.handler.component.SearchHandler inform
INFO: Adding  component:org.apache.solr.handler.component.QueryComponent@10ea443f
Feb 16, 2012 10:04:16 PM org.apache.solr.handler.component.SearchHandler inform
INFO: Adding  component:org.apache.solr.handler.component.FacetComponent@4268cc6
Feb 16, 2012 10:04:16 PM org.apache.solr.handler.component.SearchHandler inform
INFO: Adding  component:org.apache.solr.handler.component.MoreLikeThisComponent@7ee41d4a
Feb 16, 2012 10:04:16 PM org.apache.solr.handler.component.SearchHandler inform
INFO: Adding  component:org.apache.solr.handler.component.HighlightComponent@323f265b
Feb 16, 2012 10:04:16 PM org.apache.solr.handler.component.SearchHandler inform
INFO: Adding  component:org.apache.solr.handler.component.StatsComponent@4fef3a22
Feb 16, 2012 10:04:16 PM org.apache.solr.handler.component.SearchHandler inform
INFO: Adding  component:org.apache.solr.handler.component.SpellCheckComponent@36511e0a
Feb 16, 2012 10:04:16 PM org.apache.solr.handler.component.SearchHandler inform
INFO: Adding  debug component:org.apache.solr.handler.component.DebugComponent@62d1b72d
Feb 16, 2012 10:04:16 PM org.apache.solr.core.QuerySenderListener newSearcher
INFO: QuerySenderListener sending requests to Searcher@531ed166 main
Feb 16, 2012 10:04:16 PM org.apache.solr.core.CoreContainer register
INFO: registering core: 
Feb 16, 2012 10:04:16 PM org.apache.solr.servlet.SolrDispatchFilter init
INFO: user.dir=/Users/NATHAN/Desktop/solr-tomcat
Feb 16, 2012 10:04:16 PM org.apache.solr.servlet.SolrDispatchFilter init
INFO: SolrDispatchFilter.init() done
Feb 16, 2012 10:04:16 PM org.apache.solr.servlet.SolrServlet init
INFO: SolrServlet.init()
Feb 16, 2012 10:04:16 PM org.apache.solr.core.SolrResourceLoader locateSolrHome
INFO: No /solr/home in JNDI
Feb 16, 2012 10:04:16 PM org.apache.solr.core.SolrResourceLoader locateSolrHome
INFO: solr home defaulted to 'solr/' (could not find system property or JNDI)
Feb 16, 2012 10:04:16 PM org.apache.solr.servlet.SolrServlet init
INFO: SolrServlet.init() done
Feb 16, 2012 10:04:16 PM org.apache.solr.core.SolrResourceLoader locateSolrHome
INFO: No /solr/home in JNDI
Feb 16, 2012 10:04:16 PM org.apache.solr.core.SolrResourceLoader locateSolrHome
INFO: solr home defaulted to 'solr/' (could not find system property or JNDI)
Feb 16, 2012 10:04:16 PM org.apache.solr.servlet.SolrUpdateServlet init
INFO: SolrUpdateServlet.init() done
Feb 16, 2012 10:04:16 PM org.apache.catalina.startup.HostConfig deployDirectory
INFO: Deploying web application directory docs
Feb 16, 2012 10:04:16 PM org.apache.catalina.startup.HostConfig deployDirectory
INFO: Deploying web application directory examples
Feb 16, 2012 10:04:16 PM org.apache.solr.core.SolrCore execute
INFO: [] webapp=null path=null params={event=firstSearcher&q=static+firstSearcher+warming+in+solrconfig.xml} hits=0 status=0 QTime=92 
Feb 16, 2012 10:04:16 PM org.apache.solr.core.QuerySenderListener newSearcher
INFO: QuerySenderListener done.
Feb 16, 2012 10:04:16 PM org.apache.solr.handler.component.SpellCheckComponent$SpellCheckerListener newSearcher
INFO: Loading spell index for spellchecker: default
Feb 16, 2012 10:04:16 PM org.apache.solr.core.SolrCore registerSearcher
INFO: [] Registered new searcher Searcher@531ed166 main
Feb 16, 2012 10:04:16 PM org.apache.catalina.startup.HostConfig deployDirectory
INFO: Deploying web application directory ROOT
Feb 16, 2012 10:04:16 PM org.apache.coyote.http11.Http11Protocol start
INFO: Starting Coyote HTTP/1.1 on http-8080
Feb 16, 2012 10:04:16 PM org.apache.jk.common.ChannelSocket init
INFO: JK: ajp13 listening on /0.0.0.0:8009
Feb 16, 2012 10:04:16 PM org.apache.jk.server.JkMain start
INFO: Jk running ID=0 time=0/30  config=null
Feb 16, 2012 10:04:16 PM org.apache.catalina.startup.Catalina start
INFO: Server startup in 2672 ms
Feb 16, 2012 10:09:06 PM org.apache.solr.core.SolrCore execute
INFO: [] webapp=/solr path=/select/ params={indent=on&start=0&q=*:*&rows=10&version=2.2} hits=0 status=0 QTime=6 
Feb 16, 2012 10:09:44 PM org.apache.solr.core.SolrCore execute
INFO: [] webapp=/solr path=/select/ params={indent=on&start=0&q=*:*&rows=10&version=2.2} hits=0 status=0 QTime=0 
