Jan 6, 2011 2:13:43 PM org.apache.catalina.core.AprLifecycleListener init
INFO: The APR based Apache Tomcat Native library which allows optimal performance in production environments was not found on the java.library.path: .:/Library/Java/Extensions:/System/Library/Java/Extensions:/usr/lib/java
Jan 6, 2011 2:13:44 PM org.apache.coyote.http11.Http11Protocol init
INFO: Initializing Coyote HTTP/1.1 on http-8080
Jan 6, 2011 2:13:44 PM org.apache.catalina.startup.Catalina load
INFO: Initialization processed in 938 ms
Jan 6, 2011 2:13:44 PM org.apache.catalina.core.StandardService start
INFO: Starting service Catalina
Jan 6, 2011 2:13:44 PM org.apache.catalina.core.StandardEngine start
INFO: Starting Servlet Engine: Apache Tomcat/6.0.29
Jan 6, 2011 2:13:44 PM org.apache.catalina.startup.HostConfig deployDescriptor
INFO: Deploying configuration descriptor host-manager.xml
Jan 6, 2011 2:13:44 PM org.apache.catalina.startup.HostConfig deployDescriptor
INFO: Deploying configuration descriptor manager.xml
Jan 6, 2011 2:13:45 PM org.apache.catalina.startup.HostConfig deployDescriptor
INFO: Deploying configuration descriptor WebApplication1.xml
Jan 6, 2011 2:13:45 PM org.apache.catalina.startup.HostConfig deployDirectory
INFO: Deploying web application directory docs
Jan 6, 2011 2:13:45 PM org.apache.catalina.startup.HostConfig deployDirectory
INFO: Deploying web application directory examples
Jan 6, 2011 2:13:45 PM org.apache.catalina.startup.HostConfig deployDirectory
INFO: Deploying web application directory ROOT
Jan 6, 2011 2:13:45 PM org.apache.catalina.startup.HostConfig deployDirectory
INFO: Deploying web application directory Test
Jan 6, 2011 2:13:45 PM org.apache.coyote.http11.Http11Protocol start
INFO: Starting Coyote HTTP/1.1 on http-8080
Jan 6, 2011 2:13:45 PM org.apache.jk.common.ChannelSocket init
INFO: JK: ajp13 listening on /0.0.0.0:8009
Jan 6, 2011 2:13:45 PM org.apache.jk.server.JkMain start
INFO: Jk running ID=0 time=0/49  config=null
Jan 6, 2011 2:13:45 PM org.apache.catalina.startup.Catalina start
INFO: Server startup in 1638 ms
Jan 6, 2011 2:13:46 PM org.apache.catalina.startup.HostConfig deployDescriptor
INFO: Deploying configuration descriptor lucene-3.0.3.xml
Jan 6, 2011 2:13:46 PM org.apache.catalina.core.StandardContext start
INFO: Container org.apache.catalina.core.ContainerBase.[Catalina].[localhost].[/lucene-3.0.3] has already been started
Jan 6, 2011 6:26:21 PM org.apache.coyote.http11.Http11Protocol pause
INFO: Pausing Coyote HTTP/1.1 on http-8080
Jan 6, 2011 6:26:23 PM org.apache.catalina.core.StandardService stop
INFO: Stopping service Catalina
Jan 6, 2011 6:26:23 PM org.apache.catalina.loader.WebappClassLoader clearReferencesThreads
SEVERE: The web application [/host-manager] appears to have started a thread named [Poller SunPKCS11-Darwin] but has failed to stop it. This is very likely to create a memory leak.
Jan 6, 2011 6:26:23 PM org.apache.coyote.http11.Http11Protocol destroy
INFO: Stopping Coyote HTTP/1.1 on http-8080
Jan 6, 2011 10:08:43 PM org.apache.catalina.core.AprLifecycleListener init
INFO: The APR based Apache Tomcat Native library which allows optimal performance in production environments was not found on the java.library.path: .:/Library/Java/Extensions:/System/Library/Java/Extensions:/usr/lib/java
Jan 6, 2011 10:08:43 PM org.apache.coyote.http11.Http11Protocol init
INFO: Initializing Coyote HTTP/1.1 on http-8080
Jan 6, 2011 10:08:43 PM org.apache.catalina.startup.Catalina load
INFO: Initialization processed in 832 ms
Jan 6, 2011 10:08:43 PM org.apache.catalina.core.StandardService start
INFO: Starting service Catalina
Jan 6, 2011 10:08:43 PM org.apache.catalina.core.StandardEngine start
INFO: Starting Servlet Engine: Apache Tomcat/6.0.29
Jan 6, 2011 10:08:43 PM org.apache.catalina.startup.HostConfig deployDescriptor
INFO: Deploying configuration descriptor host-manager.xml
Jan 6, 2011 10:08:44 PM org.apache.catalina.startup.HostConfig deployDescriptor
INFO: Deploying configuration descriptor lucene-3.0.3.xml
Jan 6, 2011 10:08:44 PM org.apache.catalina.core.StandardContext resourcesStart
SEVERE: Error starting static Resources
java.lang.IllegalArgumentException: Document base /Users/natechen/NetBeansProjects/lucene-3.0.3/build/web does not exist or is not a readable directory
	at org.apache.naming.resources.FileDirContext.setDocBase(FileDirContext.java:142)
	at org.apache.catalina.core.StandardContext.resourcesStart(StandardContext.java:4249)
	at org.apache.catalina.core.StandardContext.start(StandardContext.java:4418)
	at org.apache.catalina.core.ContainerBase.addChildInternal(ContainerBase.java:791)
	at org.apache.catalina.core.ContainerBase.addChild(ContainerBase.java:771)
	at org.apache.catalina.core.StandardHost.addChild(StandardHost.java:546)
	at org.apache.catalina.startup.HostConfig.deployDescriptor(HostConfig.java:637)
	at org.apache.catalina.startup.HostConfig.deployDescriptors(HostConfig.java:563)
	at org.apache.catalina.startup.HostConfig.deployApps(HostConfig.java:498)
	at org.apache.catalina.startup.HostConfig.start(HostConfig.java:1277)
	at org.apache.catalina.startup.HostConfig.lifecycleEvent(HostConfig.java:321)
	at org.apache.catalina.util.LifecycleSupport.fireLifecycleEvent(LifecycleSupport.java:119)
	at org.apache.catalina.core.ContainerBase.start(ContainerBase.java:1053)
	at org.apache.catalina.core.StandardHost.start(StandardHost.java:785)
	at org.apache.catalina.core.ContainerBase.start(ContainerBase.java:1045)
	at org.apache.catalina.core.StandardEngine.start(StandardEngine.java:445)
	at org.apache.catalina.core.StandardService.start(StandardService.java:519)
	at org.apache.catalina.core.StandardServer.start(StandardServer.java:710)
	at org.apache.catalina.startup.Catalina.start(Catalina.java:581)
	at sun.reflect.NativeMethodAccessorImpl.invoke0(Native Method)
	at sun.reflect.NativeMethodAccessorImpl.invoke(NativeMethodAccessorImpl.java:39)
	at sun.reflect.DelegatingMethodAccessorImpl.invoke(DelegatingMethodAccessorImpl.java:25)
	at java.lang.reflect.Method.invoke(Method.java:597)
	at org.apache.catalina.startup.Bootstrap.start(Bootstrap.java:289)
	at org.apache.catalina.startup.Bootstrap.main(Bootstrap.java:414)
Jan 6, 2011 10:08:44 PM org.apache.catalina.core.StandardContext start
SEVERE: Error in resourceStart()
Jan 6, 2011 10:08:44 PM org.apache.catalina.core.StandardContext start
SEVERE: Error getConfigured
Jan 6, 2011 10:08:44 PM org.apache.catalina.core.StandardContext start
SEVERE: Context [/lucene-3.0.3] startup failed due to previous errors
Jan 6, 2011 10:08:44 PM org.apache.catalina.core.StandardContext stop
INFO: Container org.apache.catalina.core.ContainerBase.[Catalina].[localhost].[/lucene-3.0.3] has not been started
Jan 6, 2011 10:08:44 PM org.apache.catalina.startup.HostConfig deployDescriptor
INFO: Deploying configuration descriptor manager.xml
Jan 6, 2011 10:08:44 PM org.apache.catalina.startup.HostConfig deployDescriptor
INFO: Deploying configuration descriptor WebApplication1.xml
Jan 6, 2011 10:08:44 PM org.apache.catalina.startup.HostConfig deployDirectory
INFO: Deploying web application directory docs
Jan 6, 2011 10:08:44 PM org.apache.catalina.startup.HostConfig deployDirectory
INFO: Deploying web application directory examples
Jan 6, 2011 10:08:44 PM org.apache.catalina.startup.HostConfig deployDirectory
INFO: Deploying web application directory ROOT
Jan 6, 2011 10:08:44 PM org.apache.catalina.startup.HostConfig deployDirectory
INFO: Deploying web application directory Test
Jan 6, 2011 10:08:44 PM org.apache.coyote.http11.Http11Protocol start
INFO: Starting Coyote HTTP/1.1 on http-8080
Jan 6, 2011 10:08:45 PM org.apache.jk.common.ChannelSocket init
INFO: JK: ajp13 listening on /0.0.0.0:8009
Jan 6, 2011 10:08:45 PM org.apache.jk.server.JkMain start
INFO: Jk running ID=0 time=0/25  config=null
Jan 6, 2011 10:08:45 PM org.apache.catalina.startup.Catalina start
INFO: Server startup in 1714 ms
