Jan 5, 2011 9:21:45 PM org.apache.catalina.core.AprLifecycleListener init
INFO: The APR based Apache Tomcat Native library which allows optimal performance in production environments was not found on the java.library.path: .:/Library/Java/Extensions:/System/Library/Java/Extensions:/usr/lib/java
Jan 5, 2011 9:21:45 PM org.apache.coyote.http11.Http11Protocol init
INFO: Initializing Coyote HTTP/1.1 on http-8080
Jan 5, 2011 9:21:45 PM org.apache.catalina.startup.Catalina load
INFO: Initialization processed in 741 ms
Jan 5, 2011 9:21:45 PM org.apache.catalina.core.StandardService start
INFO: Starting service Catalina
Jan 5, 2011 9:21:45 PM org.apache.catalina.core.StandardEngine start
INFO: Starting Servlet Engine: Apache Tomcat/6.0.29
Jan 5, 2011 9:21:45 PM org.apache.catalina.startup.HostConfig deployDescriptor
INFO: Deploying configuration descriptor host-manager.xml
Jan 5, 2011 9:21:46 PM org.apache.catalina.startup.HostConfig deployDescriptor
INFO: Deploying configuration descriptor manager.xml
Jan 5, 2011 9:21:46 PM org.apache.catalina.startup.HostConfig deployDirectory
INFO: Deploying web application directory docs
Jan 5, 2011 9:21:46 PM org.apache.catalina.startup.HostConfig deployDirectory
INFO: Deploying web application directory examples
Jan 5, 2011 9:21:46 PM org.apache.catalina.core.AprLifecycleListener init
INFO: The APR based Apache Tomcat Native library which allows optimal performance in production environments was not found on the java.library.path: .:/Library/Java/Extensions:/System/Library/Java/Extensions:/usr/lib/java
Jan 5, 2011 9:21:47 PM org.apache.catalina.startup.HostConfig deployDirectory
INFO: Deploying web application directory ROOT
Jan 5, 2011 9:21:47 PM org.apache.coyote.http11.Http11Protocol init
SEVERE: Error initializing endpoint
java.net.BindException: Address already in use <null>:8080
	at org.apache.tomcat.util.net.JIoEndpoint.init(JIoEndpoint.java:549)
	at org.apache.coyote.http11.Http11Protocol.init(Http11Protocol.java:176)
	at org.apache.catalina.connector.Connector.initialize(Connector.java:1014)
	at org.apache.catalina.core.StandardService.initialize(StandardService.java:680)
	at org.apache.catalina.core.StandardServer.initialize(StandardServer.java:795)
	at org.apache.catalina.startup.Catalina.load(Catalina.java:524)
	at org.apache.catalina.startup.Catalina.load(Catalina.java:548)
	at sun.reflect.NativeMethodAccessorImpl.invoke0(Native Method)
	at sun.reflect.NativeMethodAccessorImpl.invoke(NativeMethodAccessorImpl.java:39)
	at sun.reflect.DelegatingMethodAccessorImpl.invoke(DelegatingMethodAccessorImpl.java:25)
	at java.lang.reflect.Method.invoke(Method.java:597)
	at org.apache.catalina.startup.Bootstrap.load(Bootstrap.java:261)
	at org.apache.catalina.startup.Bootstrap.main(Bootstrap.java:413)
Caused by: java.net.BindException: Address already in use
	at java.net.PlainSocketImpl.socketBind(Native Method)
	at java.net.PlainSocketImpl.bind(PlainSocketImpl.java:365)
	at java.net.ServerSocket.bind(ServerSocket.java:319)
	at java.net.ServerSocket.<init>(ServerSocket.java:185)
	at java.net.ServerSocket.<init>(ServerSocket.java:141)
	at org.apache.tomcat.util.net.DefaultServerSocketFactory.createSocket(DefaultServerSocketFactory.java:50)
	at org.apache.tomcat.util.net.JIoEndpoint.init(JIoEndpoint.java:538)
	... 12 more
Jan 5, 2011 9:21:47 PM org.apache.catalina.startup.Catalina load
SEVERE: Catalina.start
LifecycleException:  Protocol handler initialization failed: java.net.BindException: Address already in use <null>:8080
	at org.apache.catalina.connector.Connector.initialize(Connector.java:1016)
	at org.apache.catalina.core.StandardService.initialize(StandardService.java:680)
	at org.apache.catalina.core.StandardServer.initialize(StandardServer.java:795)
	at org.apache.catalina.startup.Catalina.load(Catalina.java:524)
	at org.apache.catalina.startup.Catalina.load(Catalina.java:548)
	at sun.reflect.NativeMethodAccessorImpl.invoke0(Native Method)
	at sun.reflect.NativeMethodAccessorImpl.invoke(NativeMethodAccessorImpl.java:39)
	at sun.reflect.DelegatingMethodAccessorImpl.invoke(DelegatingMethodAccessorImpl.java:25)
	at java.lang.reflect.Method.invoke(Method.java:597)
	at org.apache.catalina.startup.Bootstrap.load(Bootstrap.java:261)
	at org.apache.catalina.startup.Bootstrap.main(Bootstrap.java:413)
Jan 5, 2011 9:21:47 PM org.apache.catalina.startup.Catalina load
INFO: Initialization processed in 952 ms
Jan 5, 2011 9:21:47 PM org.apache.catalina.startup.HostConfig deployDirectory
INFO: Deploying web application directory Test
Jan 5, 2011 9:21:47 PM org.apache.catalina.core.StandardService start
INFO: Starting service Catalina
Jan 5, 2011 9:21:47 PM org.apache.catalina.core.StandardEngine start
INFO: Starting Servlet Engine: Apache Tomcat/6.0.29
Jan 5, 2011 9:21:47 PM org.apache.catalina.startup.HostConfig deployDescriptor
INFO: Deploying configuration descriptor host-manager.xml
Jan 5, 2011 9:21:47 PM org.apache.coyote.http11.Http11Protocol start
INFO: Starting Coyote HTTP/1.1 on http-8080
Jan 5, 2011 9:21:47 PM org.apache.jk.common.ChannelSocket init
INFO: JK: ajp13 listening on /0.0.0.0:8009
Jan 5, 2011 9:21:47 PM org.apache.jk.server.JkMain start
INFO: Jk running ID=0 time=0/26  config=null
Jan 5, 2011 9:21:47 PM org.apache.catalina.startup.Catalina start
INFO: Server startup in 1763 ms
Jan 5, 2011 9:21:47 PM org.apache.catalina.startup.HostConfig deployDescriptor
INFO: Deploying configuration descriptor manager.xml
Jan 5, 2011 9:21:47 PM org.apache.catalina.startup.HostConfig deployDirectory
INFO: Deploying web application directory docs
Jan 5, 2011 9:21:47 PM org.apache.catalina.startup.HostConfig deployDescriptor
INFO: Deploying configuration descriptor WebApplication1.xml
Jan 5, 2011 9:21:47 PM org.apache.catalina.startup.HostConfig deployDirectory
INFO: Deploying web application directory examples
Jan 5, 2011 9:21:47 PM org.apache.catalina.core.StandardContext start
INFO: Container org.apache.catalina.core.ContainerBase.[Catalina].[localhost].[/WebApplication1] has already been started
Jan 5, 2011 9:21:48 PM org.apache.catalina.startup.HostConfig deployDirectory
INFO: Deploying web application directory ROOT
Jan 5, 2011 9:21:48 PM org.apache.catalina.startup.HostConfig deployDirectory
INFO: Deploying web application directory Test
Jan 5, 2011 9:21:48 PM org.apache.coyote.http11.Http11Protocol start
SEVERE: Error starting endpoint
java.net.BindException: Address already in use <null>:8080
	at org.apache.tomcat.util.net.JIoEndpoint.init(JIoEndpoint.java:549)
	at org.apache.tomcat.util.net.JIoEndpoint.start(JIoEndpoint.java:565)
	at org.apache.coyote.http11.Http11Protocol.start(Http11Protocol.java:203)
	at org.apache.catalina.connector.Connector.start(Connector.java:1087)
	at org.apache.catalina.core.StandardService.start(StandardService.java:534)
	at org.apache.catalina.core.StandardServer.start(StandardServer.java:710)
	at org.apache.catalina.startup.Catalina.start(Catalina.java:581)
	at sun.reflect.NativeMethodAccessorImpl.invoke0(Native Method)
	at sun.reflect.NativeMethodAccessorImpl.invoke(NativeMethodAccessorImpl.java:39)
	at sun.reflect.DelegatingMethodAccessorImpl.invoke(DelegatingMethodAccessorImpl.java:25)
	at java.lang.reflect.Method.invoke(Method.java:597)
	at org.apache.catalina.startup.Bootstrap.start(Bootstrap.java:289)
	at org.apache.catalina.startup.Bootstrap.main(Bootstrap.java:414)
Caused by: java.net.BindException: Address already in use
	at java.net.PlainSocketImpl.socketBind(Native Method)
	at java.net.PlainSocketImpl.bind(PlainSocketImpl.java:365)
	at java.net.ServerSocket.bind(ServerSocket.java:319)
	at java.net.ServerSocket.<init>(ServerSocket.java:185)
	at java.net.ServerSocket.<init>(ServerSocket.java:141)
	at org.apache.tomcat.util.net.DefaultServerSocketFactory.createSocket(DefaultServerSocketFactory.java:50)
	at org.apache.tomcat.util.net.JIoEndpoint.init(JIoEndpoint.java:538)
	... 12 more
Jan 5, 2011 9:21:48 PM org.apache.catalina.startup.Catalina start
SEVERE: Catalina.start: 
LifecycleException:  service.getName(): "Catalina";  Protocol handler start failed: java.net.BindException: Address already in use <null>:8080
	at org.apache.catalina.connector.Connector.start(Connector.java:1094)
	at org.apache.catalina.core.StandardService.start(StandardService.java:534)
	at org.apache.catalina.core.StandardServer.start(StandardServer.java:710)
	at org.apache.catalina.startup.Catalina.start(Catalina.java:581)
	at sun.reflect.NativeMethodAccessorImpl.invoke0(Native Method)
	at sun.reflect.NativeMethodAccessorImpl.invoke(NativeMethodAccessorImpl.java:39)
	at sun.reflect.DelegatingMethodAccessorImpl.invoke(DelegatingMethodAccessorImpl.java:25)
	at java.lang.reflect.Method.invoke(Method.java:597)
	at org.apache.catalina.startup.Bootstrap.start(Bootstrap.java:289)
	at org.apache.catalina.startup.Bootstrap.main(Bootstrap.java:414)
Jan 5, 2011 9:21:48 PM org.apache.catalina.startup.Catalina start
INFO: Server startup in 1186 ms
Jan 5, 2011 9:21:48 PM org.apache.catalina.core.StandardServer await
SEVERE: StandardServer.await: create[8005]: 
java.net.BindException: Address already in use
	at java.net.PlainSocketImpl.socketBind(Native Method)
	at java.net.PlainSocketImpl.bind(PlainSocketImpl.java:365)
	at java.net.ServerSocket.bind(ServerSocket.java:319)
	at java.net.ServerSocket.<init>(ServerSocket.java:185)
	at org.apache.catalina.core.StandardServer.await(StandardServer.java:373)
	at org.apache.catalina.startup.Catalina.await(Catalina.java:662)
	at org.apache.catalina.startup.Catalina.start(Catalina.java:614)
	at sun.reflect.NativeMethodAccessorImpl.invoke0(Native Method)
	at sun.reflect.NativeMethodAccessorImpl.invoke(NativeMethodAccessorImpl.java:39)
	at sun.reflect.DelegatingMethodAccessorImpl.invoke(DelegatingMethodAccessorImpl.java:25)
	at java.lang.reflect.Method.invoke(Method.java:597)
	at org.apache.catalina.startup.Bootstrap.start(Bootstrap.java:289)
	at org.apache.catalina.startup.Bootstrap.main(Bootstrap.java:414)
Jan 5, 2011 9:21:48 PM org.apache.coyote.http11.Http11Protocol pause
INFO: Pausing Coyote HTTP/1.1 on http-8080
Jan 5, 2011 9:21:49 PM org.apache.catalina.core.StandardService stop
INFO: Stopping service Catalina
Jan 5, 2011 9:21:49 PM org.apache.catalina.loader.WebappClassLoader clearReferencesThreads
SEVERE: The web application [/host-manager] appears to have started a thread named [Poller SunPKCS11-Darwin] but has failed to stop it. This is very likely to create a memory leak.
Jan 5, 2011 9:21:49 PM org.apache.catalina.connector.MapperListener destroy
WARNING: Error unregistering MBeanServerDelegate
java.lang.NullPointerException
	at org.apache.catalina.connector.MapperListener.destroy(MapperListener.java:176)
	at org.apache.catalina.connector.Connector.stop(Connector.java:1135)
	at org.apache.catalina.core.StandardService.stop(StandardService.java:596)
	at org.apache.catalina.core.StandardServer.stop(StandardServer.java:744)
	at org.apache.catalina.startup.Catalina.stop(Catalina.java:648)
	at org.apache.catalina.startup.Catalina$CatalinaShutdownHook.run(Catalina.java:692)
Jan 5, 2011 9:21:49 PM org.apache.coyote.http11.Http11Protocol destroy
INFO: Stopping Coyote HTTP/1.1 on http-8080
Jan 5, 2011 9:21:49 PM org.apache.catalina.connector.Connector stop
SEVERE: Coyote connector has not been started
Jan 5, 2011 9:23:10 PM org.apache.coyote.http11.Http11Protocol pause
INFO: Pausing Coyote HTTP/1.1 on http-8080
Jan 5, 2011 9:23:11 PM org.apache.catalina.core.StandardService stop
INFO: Stopping service Catalina
Jan 5, 2011 9:23:11 PM org.apache.catalina.loader.WebappClassLoader clearReferencesThreads
SEVERE: The web application [/host-manager] appears to have started a thread named [Poller SunPKCS11-Darwin] but has failed to stop it. This is very likely to create a memory leak.
Jan 5, 2011 9:23:11 PM org.apache.coyote.http11.Http11Protocol destroy
INFO: Stopping Coyote HTTP/1.1 on http-8080
Jan 5, 2011 9:23:15 PM org.apache.catalina.core.AprLifecycleListener init
INFO: The APR based Apache Tomcat Native library which allows optimal performance in production environments was not found on the java.library.path: .:/Library/Java/Extensions:/System/Library/Java/Extensions:/usr/lib/java
Jan 5, 2011 9:23:15 PM org.apache.coyote.http11.Http11Protocol init
INFO: Initializing Coyote HTTP/1.1 on http-8080
Jan 5, 2011 9:23:15 PM org.apache.catalina.startup.Catalina load
INFO: Initialization processed in 659 ms
Jan 5, 2011 9:23:15 PM org.apache.catalina.core.StandardService start
INFO: Starting service Catalina
Jan 5, 2011 9:23:15 PM org.apache.catalina.core.StandardEngine start
INFO: Starting Servlet Engine: Apache Tomcat/6.0.29
Jan 5, 2011 9:23:15 PM org.apache.catalina.startup.HostConfig deployDescriptor
INFO: Deploying configuration descriptor host-manager.xml
Jan 5, 2011 9:23:16 PM org.apache.catalina.startup.HostConfig deployDescriptor
INFO: Deploying configuration descriptor manager.xml
Jan 5, 2011 9:23:16 PM org.apache.catalina.startup.HostConfig deployDescriptor
INFO: Deploying configuration descriptor WebApplication1.xml
Jan 5, 2011 9:23:16 PM org.apache.catalina.startup.HostConfig deployDirectory
INFO: Deploying web application directory docs
Jan 5, 2011 9:23:16 PM org.apache.catalina.startup.HostConfig deployDirectory
INFO: Deploying web application directory examples
Jan 5, 2011 9:23:16 PM org.apache.catalina.startup.HostConfig deployDirectory
INFO: Deploying web application directory ROOT
Jan 5, 2011 9:23:16 PM org.apache.catalina.startup.HostConfig deployDirectory
INFO: Deploying web application directory Test
Jan 5, 2011 9:23:16 PM org.apache.coyote.http11.Http11Protocol start
INFO: Starting Coyote HTTP/1.1 on http-8080
Jan 5, 2011 9:23:16 PM org.apache.jk.common.ChannelSocket init
INFO: JK: ajp13 listening on /0.0.0.0:8009
Jan 5, 2011 9:23:16 PM org.apache.jk.server.JkMain start
INFO: Jk running ID=0 time=0/30  config=null
Jan 5, 2011 9:23:16 PM org.apache.catalina.startup.Catalina start
INFO: Server startup in 901 ms
Jan 5, 2011 11:23:19 PM org.apache.coyote.http11.Http11Protocol pause
INFO: Pausing Coyote HTTP/1.1 on http-8080
Jan 5, 2011 11:23:20 PM org.apache.catalina.core.StandardService stop
INFO: Stopping service Catalina
Jan 5, 2011 11:23:20 PM org.apache.catalina.loader.WebappClassLoader clearReferencesThreads
SEVERE: The web application [/host-manager] appears to have started a thread named [Poller SunPKCS11-Darwin] but has failed to stop it. This is very likely to create a memory leak.
Jan 5, 2011 11:23:20 PM org.apache.coyote.http11.Http11Protocol destroy
INFO: Stopping Coyote HTTP/1.1 on http-8080
