Nov 21, 2011 9:24:34 PM org.apache.catalina.core.ApplicationContext log
INFO: ContextListener: contextInitialized()
Nov 21, 2011 9:24:34 PM org.apache.catalina.core.ApplicationContext log
INFO: SessionListener: contextInitialized()
Nov 21, 2011 9:25:54 PM org.apache.catalina.core.ApplicationContext log
INFO: ContextListener: contextInitialized()
Nov 21, 2011 9:25:54 PM org.apache.catalina.core.ApplicationContext log
INFO: SessionListener: contextInitialized()
Nov 21, 2011 9:25:55 PM org.apache.catalina.core.ApplicationContext log
INFO: SessionListener: contextDestroyed()
Nov 21, 2011 9:25:55 PM org.apache.catalina.core.ApplicationContext log
INFO: ContextListener: contextDestroyed()
Nov 21, 2011 9:31:21 PM org.apache.catalina.core.ApplicationContext log
INFO: SessionListener: contextDestroyed()
Nov 21, 2011 9:31:21 PM org.apache.catalina.core.ApplicationContext log
INFO: ContextListener: contextDestroyed()
Nov 21, 2011 9:32:16 PM org.apache.catalina.core.ApplicationContext log
INFO: ContextListener: contextInitialized()
Nov 21, 2011 9:32:16 PM org.apache.catalina.core.ApplicationContext log
INFO: SessionListener: contextInitialized()
Nov 21, 2011 10:09:31 PM org.apache.catalina.core.ApplicationContext log
INFO: SessionListener: contextDestroyed()
Nov 21, 2011 10:09:31 PM org.apache.catalina.core.ApplicationContext log
INFO: ContextListener: contextDestroyed()
