Jan 5, 2011 9:21:47 PM org.apache.catalina.core.ApplicationContext log
INFO: Manager: init: Associated with Deployer 'Catalina:type=Deployer,host=localhost'
Jan 5, 2011 9:21:47 PM org.apache.catalina.core.ApplicationContext log
INFO: Manager: init: Global resources are available
Jan 5, 2011 9:21:47 PM org.apache.catalina.core.ApplicationContext log
INFO: Manager: list: Listing contexts for virtual host 'localhost'
Jan 5, 2011 9:21:47 PM org.apache.catalina.core.ApplicationContext log
INFO: Manager: list: Listing contexts for virtual host 'localhost'
Jan 5, 2011 9:21:47 PM org.apache.catalina.core.ApplicationContext log
INFO: Manager: list: Listing contexts for virtual host 'localhost'
Jan 5, 2011 9:21:47 PM org.apache.catalina.core.ApplicationContext log
INFO: Manager: list: Listing contexts for virtual host 'localhost'
Jan 5, 2011 9:21:47 PM org.apache.catalina.core.ApplicationContext log
INFO: Manager: install: Installing context configuration at 'file:/var/folders/Za/Zaukd+rpHd4+KmvO6y0jME+++TI/-Tmp-/context6737677419081174535.xml'
Jan 5, 2011 9:21:47 PM org.apache.catalina.core.ApplicationContext log
INFO: Manager: install: Installing context configuration at 'file:/var/folders/Za/Zaukd+rpHd4+KmvO6y0jME+++TI/-Tmp-/context8804344715602894395.xml'
Jan 5, 2011 9:21:47 PM org.apache.catalina.core.ApplicationContext log
INFO: Manager: start: Starting web application at '/WebApplication1'
Jan 5, 2011 9:23:16 PM org.apache.catalina.core.ApplicationContext log
INFO: Manager: init: Associated with Deployer 'Catalina:type=Deployer,host=localhost'
Jan 5, 2011 9:23:16 PM org.apache.catalina.core.ApplicationContext log
INFO: Manager: init: Global resources are available
Jan 5, 2011 9:23:16 PM org.apache.catalina.core.ApplicationContext log
INFO: Manager: list: Listing contexts for virtual host 'localhost'
Jan 5, 2011 9:23:16 PM org.apache.catalina.core.ApplicationContext log
INFO: Manager: list: Listing contexts for virtual host 'localhost'
Jan 5, 2011 9:23:26 PM org.apache.catalina.core.ApplicationContext log
INFO: Manager: list: Listing contexts for virtual host 'localhost'
Jan 5, 2011 9:23:26 PM org.apache.catalina.core.ApplicationContext log
INFO: Manager: list: Listing contexts for virtual host 'localhost'
Jan 5, 2011 9:23:41 PM org.apache.catalina.core.ApplicationContext log
INFO: Manager: list: Listing contexts for virtual host 'localhost'
Jan 5, 2011 9:23:41 PM org.apache.catalina.core.ApplicationContext log
INFO: Manager: list: Listing contexts for virtual host 'localhost'
Jan 5, 2011 9:24:40 PM org.apache.catalina.core.ApplicationContext log
INFO: Manager: list: Listing contexts for virtual host 'localhost'
Jan 5, 2011 9:25:15 PM org.apache.catalina.core.ApplicationContext log
INFO: Manager: list: Listing contexts for virtual host 'localhost'
Jan 5, 2011 9:27:18 PM org.apache.catalina.core.ApplicationContext log
INFO: Manager: list: Listing contexts for virtual host 'localhost'
Jan 5, 2011 9:27:35 PM org.apache.catalina.core.ApplicationContext log
INFO: Manager: list: Listing contexts for virtual host 'localhost'
Jan 5, 2011 9:28:40 PM org.apache.catalina.core.ApplicationContext log
INFO: Manager: list: Listing contexts for virtual host 'localhost'
Jan 5, 2011 9:29:53 PM org.apache.catalina.core.ApplicationContext log
INFO: Manager: list: Listing contexts for virtual host 'localhost'
Jan 5, 2011 9:29:57 PM org.apache.catalina.core.ApplicationContext log
INFO: Manager: list: Listing contexts for virtual host 'localhost'
Jan 5, 2011 9:29:57 PM org.apache.catalina.core.ApplicationContext log
INFO: Manager: list: Listing contexts for virtual host 'localhost'
Jan 5, 2011 9:30:33 PM org.apache.catalina.core.ApplicationContext log
INFO: Manager: list: Listing contexts for virtual host 'localhost'
Jan 5, 2011 9:30:37 PM org.apache.catalina.core.ApplicationContext log
INFO: Manager: list: Listing contexts for virtual host 'localhost'
Jan 5, 2011 9:30:37 PM org.apache.catalina.core.ApplicationContext log
INFO: Manager: list: Listing contexts for virtual host 'localhost'
Jan 5, 2011 9:31:55 PM org.apache.catalina.core.ApplicationContext log
INFO: Manager: list: Listing contexts for virtual host 'localhost'
Jan 5, 2011 9:32:15 PM org.apache.catalina.core.ApplicationContext log
INFO: Manager: list: Listing contexts for virtual host 'localhost'
Jan 5, 2011 9:32:30 PM org.apache.catalina.core.ApplicationContext log
INFO: Manager: list: Listing contexts for virtual host 'localhost'
Jan 5, 2011 9:33:22 PM org.apache.catalina.core.ApplicationContext log
INFO: Manager: list: Listing contexts for virtual host 'localhost'
Jan 5, 2011 9:33:25 PM org.apache.catalina.core.ApplicationContext log
INFO: Manager: list: Listing contexts for virtual host 'localhost'
Jan 5, 2011 9:33:38 PM org.apache.catalina.core.ApplicationContext log
INFO: Manager: list: Listing contexts for virtual host 'localhost'
Jan 5, 2011 9:33:51 PM org.apache.catalina.core.ApplicationContext log
INFO: Manager: list: Listing contexts for virtual host 'localhost'
Jan 5, 2011 9:34:10 PM org.apache.catalina.core.ApplicationContext log
INFO: Manager: list: Listing contexts for virtual host 'localhost'
Jan 5, 2011 9:37:21 PM org.apache.catalina.core.ApplicationContext log
INFO: Manager: list: Listing contexts for virtual host 'localhost'
Jan 5, 2011 9:37:27 PM org.apache.catalina.core.ApplicationContext log
INFO: Manager: list: Listing contexts for virtual host 'localhost'
Jan 5, 2011 9:37:27 PM org.apache.catalina.core.ApplicationContext log
INFO: Manager: list: Listing contexts for virtual host 'localhost'
Jan 5, 2011 9:37:48 PM org.apache.catalina.core.ApplicationContext log
INFO: Manager: list: Listing contexts for virtual host 'localhost'
Jan 5, 2011 9:37:48 PM org.apache.catalina.core.ApplicationContext log
INFO: Manager: list: Listing contexts for virtual host 'localhost'
Jan 5, 2011 9:38:47 PM org.apache.catalina.core.ApplicationContext log
INFO: Manager: list: Listing contexts for virtual host 'localhost'
Jan 5, 2011 9:38:47 PM org.apache.catalina.core.ApplicationContext log
INFO: Manager: list: Listing contexts for virtual host 'localhost'
Jan 5, 2011 9:39:05 PM org.apache.catalina.core.ApplicationContext log
INFO: Manager: list: Listing contexts for virtual host 'localhost'
Jan 5, 2011 9:39:05 PM org.apache.catalina.core.ApplicationContext log
INFO: Manager: list: Listing contexts for virtual host 'localhost'
Jan 5, 2011 9:39:21 PM org.apache.catalina.core.ApplicationContext log
INFO: Manager: list: Listing contexts for virtual host 'localhost'
Jan 5, 2011 9:39:24 PM org.apache.catalina.core.ApplicationContext log
INFO: Manager: list: Listing contexts for virtual host 'localhost'
Jan 5, 2011 9:39:24 PM org.apache.catalina.core.ApplicationContext log
INFO: Manager: list: Listing contexts for virtual host 'localhost'
Jan 5, 2011 9:40:36 PM org.apache.catalina.core.ApplicationContext log
INFO: Manager: list: Listing contexts for virtual host 'localhost'
Jan 5, 2011 9:43:17 PM org.apache.catalina.core.ApplicationContext log
INFO: Manager: list: Listing contexts for virtual host 'localhost'
Jan 5, 2011 9:43:22 PM org.apache.catalina.core.ApplicationContext log
INFO: Manager: list: Listing contexts for virtual host 'localhost'
Jan 5, 2011 9:43:39 PM org.apache.catalina.core.ApplicationContext log
INFO: Manager: list: Listing contexts for virtual host 'localhost'
Jan 5, 2011 9:44:30 PM org.apache.catalina.core.ApplicationContext log
INFO: Manager: list: Listing contexts for virtual host 'localhost'
Jan 5, 2011 9:46:54 PM org.apache.catalina.core.ApplicationContext log
INFO: Manager: list: Listing contexts for virtual host 'localhost'
Jan 5, 2011 9:46:54 PM org.apache.catalina.core.ApplicationContext log
INFO: Manager: list: Listing contexts for virtual host 'localhost'
Jan 5, 2011 9:47:00 PM org.apache.catalina.core.ApplicationContext log
INFO: Manager: list: Listing contexts for virtual host 'localhost'
Jan 5, 2011 9:47:00 PM org.apache.catalina.core.ApplicationContext log
INFO: Manager: list: Listing contexts for virtual host 'localhost'
Jan 5, 2011 9:47:07 PM org.apache.catalina.core.ApplicationContext log
INFO: Manager: list: Listing contexts for virtual host 'localhost'
Jan 5, 2011 9:47:07 PM org.apache.catalina.core.ApplicationContext log
INFO: Manager: list: Listing contexts for virtual host 'localhost'
Jan 5, 2011 9:47:30 PM org.apache.catalina.core.ApplicationContext log
INFO: Manager: list: Listing contexts for virtual host 'localhost'
Jan 5, 2011 9:47:52 PM org.apache.catalina.core.ApplicationContext log
INFO: Manager: list: Listing contexts for virtual host 'localhost'
Jan 5, 2011 9:49:39 PM org.apache.catalina.core.ApplicationContext log
INFO: Manager: list: Listing contexts for virtual host 'localhost'
Jan 5, 2011 9:49:44 PM org.apache.catalina.core.ApplicationContext log
INFO: Manager: list: Listing contexts for virtual host 'localhost'
Jan 5, 2011 9:49:44 PM org.apache.catalina.core.ApplicationContext log
INFO: Manager: list: Listing contexts for virtual host 'localhost'
Jan 5, 2011 9:50:10 PM org.apache.catalina.core.ApplicationContext log
INFO: Manager: list: Listing contexts for virtual host 'localhost'
Jan 5, 2011 9:50:13 PM org.apache.catalina.core.ApplicationContext log
INFO: Manager: list: Listing contexts for virtual host 'localhost'
Jan 5, 2011 9:50:13 PM org.apache.catalina.core.ApplicationContext log
INFO: Manager: list: Listing contexts for virtual host 'localhost'
Jan 5, 2011 9:51:32 PM org.apache.catalina.core.ApplicationContext log
INFO: Manager: list: Listing contexts for virtual host 'localhost'
Jan 5, 2011 9:51:39 PM org.apache.catalina.core.ApplicationContext log
INFO: Manager: list: Listing contexts for virtual host 'localhost'
Jan 5, 2011 9:51:47 PM org.apache.catalina.core.ApplicationContext log
INFO: Manager: list: Listing contexts for virtual host 'localhost'
Jan 5, 2011 9:52:12 PM org.apache.catalina.core.ApplicationContext log
INFO: Manager: list: Listing contexts for virtual host 'localhost'
Jan 5, 2011 9:53:07 PM org.apache.catalina.core.ApplicationContext log
INFO: Manager: list: Listing contexts for virtual host 'localhost'
Jan 5, 2011 9:53:31 PM org.apache.catalina.core.ApplicationContext log
INFO: Manager: list: Listing contexts for virtual host 'localhost'
Jan 5, 2011 9:53:41 PM org.apache.catalina.core.ApplicationContext log
INFO: Manager: list: Listing contexts for virtual host 'localhost'
Jan 5, 2011 9:53:59 PM org.apache.catalina.core.ApplicationContext log
INFO: Manager: list: Listing contexts for virtual host 'localhost'
Jan 5, 2011 9:54:46 PM org.apache.catalina.core.ApplicationContext log
INFO: Manager: list: Listing contexts for virtual host 'localhost'
Jan 5, 2011 9:55:09 PM org.apache.catalina.core.ApplicationContext log
INFO: Manager: list: Listing contexts for virtual host 'localhost'
Jan 5, 2011 9:55:55 PM org.apache.catalina.core.ApplicationContext log
INFO: Manager: list: Listing contexts for virtual host 'localhost'
Jan 5, 2011 9:56:00 PM org.apache.catalina.core.ApplicationContext log
INFO: Manager: list: Listing contexts for virtual host 'localhost'
Jan 5, 2011 9:56:00 PM org.apache.catalina.core.ApplicationContext log
INFO: Manager: list: Listing contexts for virtual host 'localhost'
Jan 5, 2011 9:56:11 PM org.apache.catalina.core.ApplicationContext log
INFO: Manager: list: Listing contexts for virtual host 'localhost'
Jan 5, 2011 9:56:14 PM org.apache.catalina.core.ApplicationContext log
INFO: Manager: list: Listing contexts for virtual host 'localhost'
Jan 5, 2011 9:56:14 PM org.apache.catalina.core.ApplicationContext log
INFO: Manager: list: Listing contexts for virtual host 'localhost'
Jan 5, 2011 10:03:00 PM org.apache.catalina.core.ApplicationContext log
INFO: Manager: list: Listing contexts for virtual host 'localhost'
Jan 5, 2011 10:04:22 PM org.apache.catalina.core.ApplicationContext log
INFO: Manager: list: Listing contexts for virtual host 'localhost'
Jan 5, 2011 10:06:06 PM org.apache.catalina.core.ApplicationContext log
INFO: Manager: list: Listing contexts for virtual host 'localhost'
Jan 5, 2011 10:06:09 PM org.apache.catalina.core.ApplicationContext log
INFO: Manager: list: Listing contexts for virtual host 'localhost'
Jan 5, 2011 10:06:09 PM org.apache.catalina.core.ApplicationContext log
INFO: Manager: list: Listing contexts for virtual host 'localhost'
Jan 5, 2011 10:25:20 PM org.apache.catalina.core.ApplicationContext log
INFO: Manager: list: Listing contexts for virtual host 'localhost'
Jan 5, 2011 10:25:23 PM org.apache.catalina.core.ApplicationContext log
INFO: Manager: list: Listing contexts for virtual host 'localhost'
Jan 5, 2011 10:25:23 PM org.apache.catalina.core.ApplicationContext log
INFO: Manager: list: Listing contexts for virtual host 'localhost'
Jan 5, 2011 10:27:20 PM org.apache.catalina.core.ApplicationContext log
INFO: Manager: list: Listing contexts for virtual host 'localhost'
Jan 5, 2011 10:29:04 PM org.apache.catalina.core.ApplicationContext log
INFO: Manager: list: Listing contexts for virtual host 'localhost'
Jan 5, 2011 10:29:34 PM org.apache.catalina.core.ApplicationContext log
INFO: Manager: list: Listing contexts for virtual host 'localhost'
Jan 5, 2011 10:31:37 PM org.apache.catalina.core.ApplicationContext log
INFO: Manager: list: Listing contexts for virtual host 'localhost'
Jan 5, 2011 10:31:46 PM org.apache.catalina.core.ApplicationContext log
INFO: Manager: list: Listing contexts for virtual host 'localhost'
Jan 5, 2011 10:31:46 PM org.apache.catalina.core.ApplicationContext log
INFO: Manager: list: Listing contexts for virtual host 'localhost'
Jan 5, 2011 10:31:53 PM org.apache.catalina.core.ApplicationContext log
INFO: Manager: list: Listing contexts for virtual host 'localhost'
Jan 5, 2011 10:31:53 PM org.apache.catalina.core.ApplicationContext log
INFO: Manager: list: Listing contexts for virtual host 'localhost'
Jan 5, 2011 10:32:36 PM org.apache.catalina.core.ApplicationContext log
INFO: Manager: list: Listing contexts for virtual host 'localhost'
Jan 5, 2011 10:32:41 PM org.apache.catalina.core.ApplicationContext log
INFO: Manager: list: Listing contexts for virtual host 'localhost'
Jan 5, 2011 10:32:41 PM org.apache.catalina.core.ApplicationContext log
INFO: Manager: list: Listing contexts for virtual host 'localhost'
Jan 5, 2011 10:33:34 PM org.apache.catalina.core.ApplicationContext log
INFO: Manager: list: Listing contexts for virtual host 'localhost'
Jan 5, 2011 10:34:24 PM org.apache.catalina.core.ApplicationContext log
INFO: Manager: list: Listing contexts for virtual host 'localhost'
Jan 5, 2011 10:34:31 PM org.apache.catalina.core.ApplicationContext log
INFO: Manager: list: Listing contexts for virtual host 'localhost'
Jan 5, 2011 10:34:31 PM org.apache.catalina.core.ApplicationContext log
INFO: Manager: list: Listing contexts for virtual host 'localhost'
Jan 5, 2011 10:35:01 PM org.apache.catalina.core.ApplicationContext log
INFO: Manager: list: Listing contexts for virtual host 'localhost'
Jan 5, 2011 10:35:04 PM org.apache.catalina.core.ApplicationContext log
INFO: Manager: list: Listing contexts for virtual host 'localhost'
Jan 5, 2011 10:35:04 PM org.apache.catalina.core.ApplicationContext log
INFO: Manager: list: Listing contexts for virtual host 'localhost'
Jan 5, 2011 10:36:05 PM org.apache.catalina.core.ApplicationContext log
INFO: Manager: list: Listing contexts for virtual host 'localhost'
Jan 5, 2011 10:36:09 PM org.apache.catalina.core.ApplicationContext log
INFO: Manager: list: Listing contexts for virtual host 'localhost'
Jan 5, 2011 10:36:09 PM org.apache.catalina.core.ApplicationContext log
INFO: Manager: list: Listing contexts for virtual host 'localhost'
Jan 5, 2011 11:09:55 PM org.apache.catalina.core.ApplicationContext log
INFO: Manager: list: Listing contexts for virtual host 'localhost'
Jan 5, 2011 11:14:44 PM org.apache.catalina.core.ApplicationContext log
INFO: Manager: list: Listing contexts for virtual host 'localhost'
Jan 5, 2011 11:15:17 PM org.apache.catalina.core.ApplicationContext log
INFO: Manager: list: Listing contexts for virtual host 'localhost'
Jan 5, 2011 11:16:24 PM org.apache.catalina.core.ApplicationContext log
INFO: Manager: list: Listing contexts for virtual host 'localhost'
